<?xml version="1.0" encoding="UTF-8"?>
<testsuite name="com.neurovault.backend.controller.FileControllerTest" tests="3" skipped="0" failures="0" errors="0" timestamp="2026-07-26T11:26:37" hostname="ASHOK" time="0.795">
  <properties/>
  <testcase name="POST /api/files/upload-plan should reject unauthenticated request" classname="com.neurovault.backend.controller.FileControllerTest" time="0.18"/>
  <testcase name="POST /api/files/upload-complete should finalize metadata" classname="com.neurovault.backend.controller.FileControllerTest" time="0.396"/>
  <testcase name="POST /api/files/upload-plan should return target host allocations and tokens" classname="com.neurovault.backend.controller.FileControllerTest" time="0.216"/>
  <system-out><![CDATA[2026-07-26T16:56:36.191+05:30  INFO 7872 --- [neurovault-backend] [    Test worker] t.c.s.AnnotationConfigContextLoaderUtils : Could not detect default configuration classes for test class [com.neurovault.backend.controller.FileControllerTest]: FileControllerTest does not declare any static, non-private, non-final, nested classes annotated with @Configuration.
2026-07-26T16:56:36.197+05:30  INFO 7872 --- [neurovault-backend] [    Test worker] .b.t.c.SpringBootTestContextBootstrapper : Found @SpringBootConfiguration com.neurovault.backend.BackendApplication for test class com.neurovault.backend.controller.FileControllerTest

  .   ____          _            __ _ _
 /\\ / ___'_ __ _ _(_)_ __  __ _ \ \ \ \
( ( )\___ | '_ | '_| | '_ \/ _` | \ \ \ \
 \\/  ___)| |_)| | | | | || (_| |  ) ) ) )
  '  |____| .__|_| |_|_| |_\__, | / / / /
 =========|_|==============|___/=/_/_/_/

 :: Spring Boot ::                (v3.3.1)

2026-07-26T16:56:36.246+05:30  INFO 7872 --- [neurovault-backend] [    Test worker] c.n.b.controller.FileControllerTest      : Starting FileControllerTest using Java 21.0.11 with PID 7872 (started by ashok in D:\Project\micro server\backend)
2026-07-26T16:56:36.246+05:30 DEBUG 7872 --- [neurovault-backend] [    Test worker] c.n.b.controller.FileControllerTest      : Running with Spring Boot v3.3.1, Spring v6.1.10
2026-07-26T16:56:36.246+05:30  INFO 7872 --- [neurovault-backend] [    Test worker] c.n.b.controller.FileControllerTest      : The following 1 profile is active: "test"
2026-07-26T16:56:36.638+05:30  INFO 7872 --- [neurovault-backend] [    Test worker] .s.d.r.c.RepositoryConfigurationDelegate : Bootstrapping Spring Data JPA repositories in DEFAULT mode.
2026-07-26T16:56:36.724+05:30  INFO 7872 --- [neurovault-backend] [    Test worker] .s.d.r.c.RepositoryConfigurationDelegate : Finished Spring Data repository scanning in 84 ms. Found 10 JPA repository interfaces.
2026-07-26T16:56:36.872+05:30  INFO 7872 --- [neurovault-backend] [    Test worker] o.hibernate.jpa.internal.util.LogHelper  : HHH000204: Processing PersistenceUnitInfo [name: default]
2026-07-26T16:56:36.876+05:30  INFO 7872 --- [neurovault-backend] [    Test worker] o.h.c.internal.RegionFactoryInitiator    : HHH000026: Second-level cache disabled
2026-07-26T16:56:36.887+05:30  INFO 7872 --- [neurovault-backend] [    Test worker] o.s.o.j.p.SpringPersistenceUnitInfo      : No LoadTimeWeaver setup: ignoring JPA class transformer
2026-07-26T16:56:36.889+05:30  INFO 7872 --- [neurovault-backend] [    Test worker] com.zaxxer.hikari.HikariDataSource       : HikariPool-2 - Starting...
2026-07-26T16:56:36.894+05:30  INFO 7872 --- [neurovault-backend] [    Test worker] com.zaxxer.hikari.pool.HikariPool        : HikariPool-2 - Added connection conn10: url=jdbc:h2:mem:filetestdb user=SA
2026-07-26T16:56:36.894+05:30  INFO 7872 --- [neurovault-backend] [    Test worker] com.zaxxer.hikari.HikariDataSource       : HikariPool-2 - Start completed.
2026-07-26T16:56:36.895+05:30  WARN 7872 --- [neurovault-backend] [    Test worker] org.hibernate.orm.deprecation            : HHH90000025: H2Dialect does not need to be specified explicitly using 'hibernate.dialect' (remove the property setting and it will be selected by default)
2026-07-26T16:56:37.154+05:30  INFO 7872 --- [neurovault-backend] [    Test worker] o.h.e.t.j.p.i.JtaPlatformInitiator       : HHH000489: No JTA platform available (set 'hibernate.transaction.jta.platform' to enable JTA platform integration)
2026-07-26T16:56:37.188+05:30  INFO 7872 --- [neurovault-backend] [    Test worker] j.LocalContainerEntityManagerFactoryBean : Initialized JPA EntityManagerFactory for persistence unit 'default'
2026-07-26T16:56:37.245+05:30  INFO 7872 --- [neurovault-backend] [    Test worker] eAuthenticationProviderManagerConfigurer : Global AuthenticationManager configured with AuthenticationProvider bean with name authenticationProvider
2026-07-26T16:56:37.246+05:30  WARN 7872 --- [neurovault-backend] [    Test worker] r$InitializeUserDetailsManagerConfigurer : Global AuthenticationManager configured with an AuthenticationProvider bean. UserDetailsService beans will not be used for username/password login. Consider removing the AuthenticationProvider bean. Alternatively, consider using the UserDetailsService in a manually instantiated DaoAuthenticationProvider.
2026-07-26T16:56:37.424+05:30  WARN 7872 --- [neurovault-backend] [    Test worker] JpaBaseConfiguration$JpaWebConfiguration : spring.jpa.open-in-view is enabled by default. Therefore, database queries may be performed during view rendering. Explicitly configure spring.jpa.open-in-view to disable this warning
2026-07-26T16:56:37.727+05:30 DEBUG 7872 --- [neurovault-backend] [    Test worker] c.n.b.security.JwtAuthenticationFilter   : Filter 'jwtAuthenticationFilter' configured for use
2026-07-26T16:56:37.727+05:30  INFO 7872 --- [neurovault-backend] [    Test worker] o.s.b.t.m.w.SpringBootMockServletContext : Initializing Spring TestDispatcherServlet ''
2026-07-26T16:56:37.727+05:30  INFO 7872 --- [neurovault-backend] [    Test worker] o.s.t.web.servlet.TestDispatcherServlet  : Initializing Servlet ''
2026-07-26T16:56:37.729+05:30  INFO 7872 --- [neurovault-backend] [    Test worker] o.s.t.web.servlet.TestDispatcherServlet  : Completed initialization in 2 ms
2026-07-26T16:56:37.741+05:30 DEBUG 7872 --- [neurovault-backend] [   scheduling-1] c.n.b.host.scheduler.HeartbeatScheduler  : Running stale host detection check...
2026-07-26T16:56:37.742+05:30  INFO 7872 --- [neurovault-backend] [    Test worker] c.n.b.controller.FileControllerTest      : Started FileControllerTest in 1.538 seconds (process running for 15.159)
2026-07-26T16:56:37.751+05:30 DEBUG 7872 --- [neurovault-backend] [   scheduling-1] c.n.b.host.scheduler.HeartbeatScheduler  : No ONLINE hosts to check
2026-07-26T16:56:37.752+05:30  INFO 7872 --- [neurovault-backend] [   scheduling-1] c.n.b.s.ClusterMaintenanceScheduler      : Starting scheduled cluster maintenance cycle...
2026-07-26T16:56:37.752+05:30 DEBUG 7872 --- [neurovault-backend] [   scheduling-1] c.n.b.s.ClusterMaintenanceScheduler      : Checking for timed-out host heartbeats...
2026-07-26T16:56:37.755+05:30 DEBUG 7872 --- [neurovault-backend] [   scheduling-1] c.n.b.m.service.FailureDetectionService  : Running failure detection scan...
2026-07-26T16:56:37.760+05:30  INFO 7872 --- [neurovault-backend] [   scheduling-1] c.n.b.m.service.ClusterHealthMonitor     : Cluster health scan: 0/0 hosts healthy
2026-07-26T16:56:37.761+05:30  INFO 7872 --- [neurovault-backend] [   scheduling-1] c.n.b.m.service.FailureDetectionService  : Failure detection complete: 0 new events published
2026-07-26T16:56:37.761+05:30 DEBUG 7872 --- [neurovault-backend] [   scheduling-1] c.n.b.m.service.FailureDetectionService  : Scanning for failed replicas...
2026-07-26T16:56:37.767+05:30  INFO 7872 --- [neurovault-backend] [   scheduling-1] c.n.b.m.service.FailureDetectionService  : Replica failure scan complete: 0 issues found
2026-07-26T16:56:37.768+05:30  INFO 7872 --- [neurovault-backend] [   scheduling-1] c.n.b.r.service.SelfHealingService       : ═══ Starting self-healing cycle ═══
2026-07-26T16:56:37.770+05:30  INFO 7872 --- [neurovault-backend] [   scheduling-1] c.n.b.r.service.ReplicationService       : Found 0 under-replicated chunks
2026-07-26T16:56:37.771+05:30  INFO 7872 --- [neurovault-backend] [   scheduling-1] c.n.b.r.service.SelfHealingService       : All chunks are fully replicated — no repairs needed
2026-07-26T16:56:37.774+05:30 DEBUG 7872 --- [neurovault-backend] [   scheduling-1] c.n.b.m.service.ClusterAnalyticsService  : Computing cluster statistics...
2026-07-26T16:56:37.786+05:30  INFO 7872 --- [neurovault-backend] [   scheduling-1] c.n.b.m.service.ClusterAnalyticsService  : Cluster stats: hosts=0/0 online, files=0, chunks=0, replicas=0/0 active, avg-rf={:.2f}, utilization={:.1f}%
2026-07-26T16:56:37.786+05:30  INFO 7872 --- [neurovault-backend] [   scheduling-1] c.n.b.s.ClusterMaintenanceScheduler      : Scheduled cluster maintenance cycle completed successfully.
2026-07-26T16:56:38.160+05:30  INFO 7872 --- [neurovault-backend] [    Test worker] c.n.backend.controller.FileController    : Upload plan request from user 7fc53cb5-5791-434e-928a-12d0f520a055 for file 'complete-test.dat'
2026-07-26T16:56:38.161+05:30  INFO 7872 --- [neurovault-backend] [    Test worker] c.n.backend.upload.UploadService         : Creating upload plan for file 'complete-test.dat' (4194304 bytes, 1 chunks) for user 7fc53cb5-5791-434e-928a-12d0f520a055
2026-07-26T16:56:38.161+05:30 DEBUG 7872 --- [neurovault-backend] [    Test worker] b.r.s.WeightedScoreHostSelectionStrategy : Selecting 1 hosts for chunk of 4194304 bytes (user=7fc53cb5-5791-434e-928a-12d0f520a055, mode=null), excluding []
2026-07-26T16:56:38.184+05:30 DEBUG 7872 --- [neurovault-backend] [    Test worker] b.r.s.WeightedScoreHostSelectionStrategy : Found 0 eligible candidates from 1 total hosts
2026-07-26T16:56:38.189+05:30  INFO 7872 --- [neurovault-backend] [    Test worker] c.n.b.coordinator.CoordinatorService     : Selected 1 target host nodes using strategy 'WeightedScore' for 1 chunk allocations (user=7fc53cb5-5791-434e-928a-12d0f520a055, mode=null)
2026-07-26T16:56:38.196+05:30  INFO 7872 --- [neurovault-backend] [    Test worker] c.n.backend.upload.UploadSessionManager  : Created upload session b6712d17-7168-4aa3-aa7a-e774a3bc1358 for file 'complete-test.dat' (1 chunks)
2026-07-26T16:56:38.227+05:30  INFO 7872 --- [neurovault-backend] [    Test worker] c.n.backend.upload.UploadService         : Upload plan created: sessionId=b6712d17-7168-4aa3-aa7a-e774a3bc1358, allocations=1
2026-07-26T16:56:38.298+05:30  INFO 7872 --- [neurovault-backend] [    Test worker] c.n.backend.controller.FileController    : Upload completion request from user 7fc53cb5-5791-434e-928a-12d0f520a055 for session b6712d17-7168-4aa3-aa7a-e774a3bc1358
2026-07-26T16:56:38.302+05:30  INFO 7872 --- [neurovault-backend] [    Test worker] c.n.backend.upload.UploadService         : Finalizing upload session b6712d17-7168-4aa3-aa7a-e774a3bc1358 for user 7fc53cb5-5791-434e-928a-12d0f520a055
2026-07-26T16:56:38.306+05:30  INFO 7872 --- [neurovault-backend] [    Test worker] c.n.b.r.service.ReplicationService       : Assigning 1 replicas for chunk 3e416ce7-768e-4efb-bdea-b9d5b80a8728
2026-07-26T16:56:38.317+05:30 DEBUG 7872 --- [neurovault-backend] [    Test worker] c.n.b.r.service.ReplicationService       : Created replica f4e86cb3-230c-4b31-88ad-0f637d952592 for chunk 3e416ce7-768e-4efb-bdea-b9d5b80a8728 on host f0ace52d-c13a-454f-992f-c7b9bc998262
2026-07-26T16:56:38.318+05:30  INFO 7872 --- [neurovault-backend] [    Test worker] c.n.backend.upload.UploadSessionManager  : Upload session b6712d17-7168-4aa3-aa7a-e774a3bc1358 status updated to COMPLETED
2026-07-26T16:56:38.318+05:30  INFO 7872 --- [neurovault-backend] [    Test worker] c.n.backend.upload.UploadService         : Upload session b6712d17-7168-4aa3-aa7a-e774a3bc1358 successfully finalized: fileId=bed5651e-f9b4-4b91-a464-05f831b9cd3f
2026-07-26T16:56:38.516+05:30  INFO 7872 --- [neurovault-backend] [    Test worker] c.n.backend.controller.FileController    : Upload plan request from user f387cb49-70cf-41b5-95d8-a84faba53002 for file 'test-file.dat'
2026-07-26T16:56:38.517+05:30  INFO 7872 --- [neurovault-backend] [    Test worker] c.n.backend.upload.UploadService         : Creating upload plan for file 'test-file.dat' (8388608 bytes, 2 chunks) for user f387cb49-70cf-41b5-95d8-a84faba53002
2026-07-26T16:56:38.517+05:30 DEBUG 7872 --- [neurovault-backend] [    Test worker] b.r.s.WeightedScoreHostSelectionStrategy : Selecting 2 hosts for chunk of 4194304 bytes (user=f387cb49-70cf-41b5-95d8-a84faba53002, mode=null), excluding []
2026-07-26T16:56:38.524+05:30 DEBUG 7872 --- [neurovault-backend] [    Test worker] b.r.s.WeightedScoreHostSelectionStrategy : Found 0 eligible candidates from 1 total hosts
2026-07-26T16:56:38.526+05:30  INFO 7872 --- [neurovault-backend] [    Test worker] c.n.b.coordinator.CoordinatorService     : Selected 1 target host nodes using strategy 'WeightedScore' for 2 chunk allocations (user=f387cb49-70cf-41b5-95d8-a84faba53002, mode=null)
2026-07-26T16:56:38.527+05:30  INFO 7872 --- [neurovault-backend] [    Test worker] c.n.backend.upload.UploadSessionManager  : Created upload session 61f292db-e0e2-4887-a271-c12e8e0cb318 for file 'test-file.dat' (2 chunks)
2026-07-26T16:56:38.537+05:30  INFO 7872 --- [neurovault-backend] [    Test worker] c.n.backend.upload.UploadService         : Upload plan created: sessionId=61f292db-e0e2-4887-a271-c12e8e0cb318, allocations=2
]]></system-out>
  <system-err><![CDATA[]]></system-err>
</testsuite>
