<?xml version="1.0" encoding="UTF-8"?>
<testsuite name="com.neurovault.backend.storage.container.ContainerManagerTest" tests="14" skipped="0" failures="0" errors="0" timestamp="2026-09-02T09:37:34.651Z" hostname="LAPTOP-32IT9DET" time="0.162">
  <properties/>
  <testcase name="headerPersistence_shouldSurviveCloseAndReopen()" classname="com.neurovault.backend.storage.container.ContainerManagerTest" time="0.053"/>
  <testcase name="acquireAndReleaseLock_shouldWork()" classname="com.neurovault.backend.storage.container.ContainerManagerTest" time="0.011"/>
  <testcase name="deleteContainer_shouldRemoveFile()" classname="com.neurovault.backend.storage.container.ContainerManagerTest" time="0.007"/>
  <testcase name="operations_shouldFailWhenNotOpen()" classname="com.neurovault.backend.storage.container.ContainerManagerTest" time="0.003"/>
  <testcase name="readWriteAtOffset_shouldHandleLargeData()" classname="com.neurovault.backend.storage.container.ContainerManagerTest" time="0.012"/>
  <testcase name="verifyIntegrity_shouldPassForValidContainer()" classname="com.neurovault.backend.storage.container.ContainerManagerTest" time="0.008"/>
  <testcase name="closeContainer_shouldCloseFileChannel()" classname="com.neurovault.backend.storage.container.ContainerManagerTest" time="0.007"/>
  <testcase name="createContainer_shouldFailIfAlreadyExists()" classname="com.neurovault.backend.storage.container.ContainerManagerTest" time="0.009"/>
  <testcase name="openContainer_shouldReadExistingHeader()" classname="com.neurovault.backend.storage.container.ContainerManagerTest" time="0.005"/>
  <testcase name="readWriteAtOffset_shouldRoundTrip()" classname="com.neurovault.backend.storage.container.ContainerManagerTest" time="0.007"/>
  <testcase name="resizeContainer_shouldExpandSize()" classname="com.neurovault.backend.storage.container.ContainerManagerTest" time="0.013"/>
  <testcase name="resizeContainer_shouldRejectShrinking()" classname="com.neurovault.backend.storage.container.ContainerManagerTest" time="0.011"/>
  <testcase name="openContainer_shouldFailIfNotExists()" classname="com.neurovault.backend.storage.container.ContainerManagerTest" time="0.003"/>
  <testcase name="createContainer_shouldCreateFileWithCorrectSize()" classname="com.neurovault.backend.storage.container.ContainerManagerTest" time="0.004"/>
  <system-out><![CDATA[2026-09-02T15:07:34.689+05:30  INFO 30068 --- [neurovault-backend] [    Test worker] c.n.b.s.container.ContainerManager       : Creating container at C:\Users\ARUNMA~1\AppData\Local\Temp\junit16603673226926336867\test-host\storage.container with size 2097152 bytes
2026-09-02T15:07:34.695+05:30  INFO 30068 --- [neurovault-backend] [    Test worker] c.n.b.s.container.ContainerManager       : Container created successfully: C:\Users\ARUNMA~1\AppData\Local\Temp\junit16603673226926336867\test-host\storage.container (2097152 bytes locked on disk)
2026-09-02T15:07:34.696+05:30  INFO 30068 --- [neurovault-backend] [    Test worker] c.n.b.s.container.ContainerManager       : Closing container
2026-09-02T15:07:34.696+05:30  INFO 30068 --- [neurovault-backend] [    Test worker] c.n.b.s.container.ContainerManager       : Opening container at C:\Users\ARUNMA~1\AppData\Local\Temp\junit16603673226926336867\test-host\storage.container
2026-09-02T15:07:34.697+05:30  INFO 30068 --- [neurovault-backend] [    Test worker] c.n.b.s.container.ContainerManager       : Container opened: C:\Users\ARUNMA~1\AppData\Local\Temp\junit16603673226926336867\test-host\storage.container (size=2097152, chunks=5, used=1024)
2026-09-02T15:07:34.697+05:30  INFO 30068 --- [neurovault-backend] [    Test worker] c.n.b.s.container.ContainerManager       : Closing container
2026-09-02T15:07:34.708+05:30  INFO 30068 --- [neurovault-backend] [    Test worker] c.n.b.s.container.ContainerManager       : Creating container at C:\Users\ARUNMA~1\AppData\Local\Temp\junit11016990821471070187\test-host\storage.container with size 1048576 bytes
2026-09-02T15:07:34.711+05:30  INFO 30068 --- [neurovault-backend] [    Test worker] c.n.b.s.container.ContainerManager       : Container created successfully: C:\Users\ARUNMA~1\AppData\Local\Temp\junit11016990821471070187\test-host\storage.container (1048576 bytes locked on disk)
2026-09-02T15:07:34.715+05:30 DEBUG 30068 --- [neurovault-backend] [    Test worker] c.n.b.s.container.ContainerManager       : Container lock acquired
2026-09-02T15:07:34.716+05:30 DEBUG 30068 --- [neurovault-backend] [    Test worker] c.n.b.s.container.ContainerManager       : Container lock released
2026-09-02T15:07:34.716+05:30  INFO 30068 --- [neurovault-backend] [    Test worker] c.n.b.s.container.ContainerManager       : Closing container
2026-09-02T15:07:34.720+05:30  INFO 30068 --- [neurovault-backend] [    Test worker] c.n.b.s.container.ContainerManager       : Creating container at C:\Users\ARUNMA~1\AppData\Local\Temp\junit17044668745838591842\test-host\storage.container with size 1048576 bytes
2026-09-02T15:07:34.723+05:30  INFO 30068 --- [neurovault-backend] [    Test worker] c.n.b.s.container.ContainerManager       : Container created successfully: C:\Users\ARUNMA~1\AppData\Local\Temp\junit17044668745838591842\test-host\storage.container (1048576 bytes locked on disk)
2026-09-02T15:07:34.723+05:30  INFO 30068 --- [neurovault-backend] [    Test worker] c.n.b.s.container.ContainerManager       : Deleting container at C:\Users\ARUNMA~1\AppData\Local\Temp\junit17044668745838591842\test-host\storage.container
2026-09-02T15:07:34.724+05:30  INFO 30068 --- [neurovault-backend] [    Test worker] c.n.b.s.container.ContainerManager       : Container deleted: C:\Users\ARUNMA~1\AppData\Local\Temp\junit17044668745838591842\test-host\storage.container
2026-09-02T15:07:34.730+05:30  INFO 30068 --- [neurovault-backend] [    Test worker] c.n.b.s.container.ContainerManager       : Creating container at C:\Users\ARUNMA~1\AppData\Local\Temp\junit10934188336945396474\test-host\storage.container with size 2097152 bytes
2026-09-02T15:07:34.735+05:30  INFO 30068 --- [neurovault-backend] [    Test worker] c.n.b.s.container.ContainerManager       : Container created successfully: C:\Users\ARUNMA~1\AppData\Local\Temp\junit10934188336945396474\test-host\storage.container (2097152 bytes locked on disk)
2026-09-02T15:07:34.738+05:30  INFO 30068 --- [neurovault-backend] [    Test worker] c.n.b.s.container.ContainerManager       : Closing container
2026-09-02T15:07:34.742+05:30  INFO 30068 --- [neurovault-backend] [    Test worker] c.n.b.s.container.ContainerManager       : Creating container at C:\Users\ARUNMA~1\AppData\Local\Temp\junit9536915748408623933\test-host\storage.container with size 1048576 bytes
2026-09-02T15:07:34.747+05:30  INFO 30068 --- [neurovault-backend] [    Test worker] c.n.b.s.container.ContainerManager       : Container created successfully: C:\Users\ARUNMA~1\AppData\Local\Temp\junit9536915748408623933\test-host\storage.container (1048576 bytes locked on disk)
2026-09-02T15:07:34.747+05:30  INFO 30068 --- [neurovault-backend] [    Test worker] c.n.b.s.container.ContainerManager       : Closing container
2026-09-02T15:07:34.750+05:30  INFO 30068 --- [neurovault-backend] [    Test worker] c.n.b.s.container.ContainerManager       : Creating container at C:\Users\ARUNMA~1\AppData\Local\Temp\junit7210650970419695861\test-host\storage.container with size 1048576 bytes
2026-09-02T15:07:34.754+05:30  INFO 30068 --- [neurovault-backend] [    Test worker] c.n.b.s.container.ContainerManager       : Container created successfully: C:\Users\ARUNMA~1\AppData\Local\Temp\junit7210650970419695861\test-host\storage.container (1048576 bytes locked on disk)
2026-09-02T15:07:34.754+05:30  INFO 30068 --- [neurovault-backend] [    Test worker] c.n.b.s.container.ContainerManager       : Closing container
2026-09-02T15:07:34.758+05:30  INFO 30068 --- [neurovault-backend] [    Test worker] c.n.b.s.container.ContainerManager       : Creating container at C:\Users\ARUNMA~1\AppData\Local\Temp\junit3249209074964046300\test-host\storage.container with size 1048576 bytes
2026-09-02T15:07:34.762+05:30  INFO 30068 --- [neurovault-backend] [    Test worker] c.n.b.s.container.ContainerManager       : Container created successfully: C:\Users\ARUNMA~1\AppData\Local\Temp\junit3249209074964046300\test-host\storage.container (1048576 bytes locked on disk)
2026-09-02T15:07:34.762+05:30  INFO 30068 --- [neurovault-backend] [    Test worker] c.n.b.s.container.ContainerManager       : Closing container
2026-09-02T15:07:34.764+05:30  INFO 30068 --- [neurovault-backend] [    Test worker] c.n.b.s.container.ContainerManager       : Creating container at C:\Users\ARUNMA~1\AppData\Local\Temp\junit3249209074964046300\test-host\storage.container with size 1048576 bytes
2026-09-02T15:07:34.768+05:30  INFO 30068 --- [neurovault-backend] [    Test worker] c.n.b.s.container.ContainerManager       : Creating container at C:\Users\ARUNMA~1\AppData\Local\Temp\junit13530751400223138613\test-host\storage.container with size 5242880 bytes
2026-09-02T15:07:34.770+05:30  INFO 30068 --- [neurovault-backend] [    Test worker] c.n.b.s.container.ContainerManager       : Container created successfully: C:\Users\ARUNMA~1\AppData\Local\Temp\junit13530751400223138613\test-host\storage.container (5242880 bytes locked on disk)
2026-09-02T15:07:34.770+05:30  INFO 30068 --- [neurovault-backend] [    Test worker] c.n.b.s.container.ContainerManager       : Closing container
2026-09-02T15:07:34.770+05:30  INFO 30068 --- [neurovault-backend] [    Test worker] c.n.b.s.container.ContainerManager       : Opening container at C:\Users\ARUNMA~1\AppData\Local\Temp\junit13530751400223138613\test-host\storage.container
2026-09-02T15:07:34.771+05:30  INFO 30068 --- [neurovault-backend] [    Test worker] c.n.b.s.container.ContainerManager       : Container opened: C:\Users\ARUNMA~1\AppData\Local\Temp\junit13530751400223138613\test-host\storage.container (size=5242880, chunks=0, used=0)
2026-09-02T15:07:34.771+05:30  INFO 30068 --- [neurovault-backend] [    Test worker] c.n.b.s.container.ContainerManager       : Closing container
2026-09-02T15:07:34.774+05:30  INFO 30068 --- [neurovault-backend] [    Test worker] c.n.b.s.container.ContainerManager       : Creating container at C:\Users\ARUNMA~1\AppData\Local\Temp\junit10294565412355866791\test-host\storage.container with size 1048576 bytes
2026-09-02T15:07:34.778+05:30  INFO 30068 --- [neurovault-backend] [    Test worker] c.n.b.s.container.ContainerManager       : Container created successfully: C:\Users\ARUNMA~1\AppData\Local\Temp\junit10294565412355866791\test-host\storage.container (1048576 bytes locked on disk)
2026-09-02T15:07:34.778+05:30  INFO 30068 --- [neurovault-backend] [    Test worker] c.n.b.s.container.ContainerManager       : Closing container
2026-09-02T15:07:34.782+05:30  INFO 30068 --- [neurovault-backend] [    Test worker] c.n.b.s.container.ContainerManager       : Creating container at C:\Users\ARUNMA~1\AppData\Local\Temp\junit3428203671714853609\test-host\storage.container with size 1048576 bytes
2026-09-02T15:07:34.785+05:30  INFO 30068 --- [neurovault-backend] [    Test worker] c.n.b.s.container.ContainerManager       : Container created successfully: C:\Users\ARUNMA~1\AppData\Local\Temp\junit3428203671714853609\test-host\storage.container (1048576 bytes locked on disk)
2026-09-02T15:07:34.785+05:30  INFO 30068 --- [neurovault-backend] [    Test worker] c.n.b.s.container.ContainerManager       : Resizing container from 1048576 to 5242880 bytes
2026-09-02T15:07:34.790+05:30  INFO 30068 --- [neurovault-backend] [    Test worker] c.n.b.s.container.ContainerManager       : Container resized to 5242880 bytes
2026-09-02T15:07:34.790+05:30  INFO 30068 --- [neurovault-backend] [    Test worker] c.n.b.s.container.ContainerManager       : Closing container
2026-09-02T15:07:34.796+05:30  INFO 30068 --- [neurovault-backend] [    Test worker] c.n.b.s.container.ContainerManager       : Creating container at C:\Users\ARUNMA~1\AppData\Local\Temp\junit5867805601613859850\test-host\storage.container with size 5242880 bytes
2026-09-02T15:07:34.799+05:30  INFO 30068 --- [neurovault-backend] [    Test worker] c.n.b.s.container.ContainerManager       : Container created successfully: C:\Users\ARUNMA~1\AppData\Local\Temp\junit5867805601613859850\test-host\storage.container (5242880 bytes locked on disk)
2026-09-02T15:07:34.802+05:30  INFO 30068 --- [neurovault-backend] [    Test worker] c.n.b.s.container.ContainerManager       : Closing container
2026-09-02T15:07:34.807+05:30  INFO 30068 --- [neurovault-backend] [    Test worker] c.n.b.s.container.ContainerManager       : Opening container at C:\Users\ARUNMA~1\AppData\Local\Temp\junit15474430328755412190\nonexistent.container
2026-09-02T15:07:34.810+05:30  INFO 30068 --- [neurovault-backend] [    Test worker] c.n.b.s.container.ContainerManager       : Creating container at C:\Users\ARUNMA~1\AppData\Local\Temp\junit10098926970407200175\test-host\storage.container with size 10485760 bytes
2026-09-02T15:07:34.812+05:30  INFO 30068 --- [neurovault-backend] [    Test worker] c.n.b.s.container.ContainerManager       : Container created successfully: C:\Users\ARUNMA~1\AppData\Local\Temp\junit10098926970407200175\test-host\storage.container (10485760 bytes locked on disk)
2026-09-02T15:07:34.812+05:30  INFO 30068 --- [neurovault-backend] [    Test worker] c.n.b.s.container.ContainerManager       : Closing container
]]></system-out>
  <system-err><![CDATA[]]></system-err>
</testsuite>
