<?xml version="1.0" encoding="UTF-8"?>
<testsuite name="com.neurovault.backend.host.service.HostRegistrationServiceTest" tests="5" skipped="0" failures="0" errors="0" timestamp="2026-09-02T09:37:23.192Z" hostname="LAPTOP-32IT9DET" time="0.116">
  <properties/>
  <testcase name="getHostById_shouldThrowWhenNotFound()" classname="com.neurovault.backend.host.service.HostRegistrationServiceTest" time="0.094"/>
  <testcase name="getHostById_shouldReturnHostStatus()" classname="com.neurovault.backend.host.service.HostRegistrationServiceTest" time="0.005"/>
  <testcase name="registerHost_shouldCreateAndReturnResponse()" classname="com.neurovault.backend.host.service.HostRegistrationServiceTest" time="0.008"/>
  <testcase name="getHostsByOwner_shouldReturnAllOwnerHosts()" classname="com.neurovault.backend.host.service.HostRegistrationServiceTest" time="0.004"/>
  <testcase name="registerHost_shouldThrowWhenUserNotFound()" classname="com.neurovault.backend.host.service.HostRegistrationServiceTest" time="0.003"/>
  <system-out><![CDATA[2026-09-02T15:07:23.297+05:30  INFO 30068 --- [neurovault-backend] [    Test worker] c.n.b.h.service.HostRegistrationService  : Registering new host 'my-laptop' for owner 6a4ded81-e216-4208-81ae-fd5a68819fef
2026-09-02T15:07:23.298+05:30  INFO 30068 --- [neurovault-backend] [    Test worker] c.n.b.h.service.HostRegistrationService  : Host 'my-laptop' registered successfully with ID 2d46455e-fa41-4390-ba1f-632033ee857e
2026-09-02T15:07:23.307+05:30  INFO 30068 --- [neurovault-backend] [    Test worker] c.n.b.h.service.HostRegistrationService  : Registering new host 'test' for owner 81750d43-e766-429f-aed0-6c5e913aaa6b
]]></system-out>
  <system-err><![CDATA[]]></system-err>
</testsuite>
