<?xml version="1.0" encoding="UTF-8"?>
<testsuite name="com.neurovault.backend.encryption.ChunkEngineTest" tests="13" skipped="0" failures="0" errors="0" timestamp="2026-07-26T09:35:58" hostname="ASHOK" time="0.042">
  <properties/>
  <testcase name="splitFile should produce correct number of chunks for multi-chunk data" classname="com.neurovault.backend.encryption.ChunkEngineTest" time="0.008"/>
  <testcase name="each chunk should have valid SHA-256 hash and CRC32 checksum" classname="com.neurovault.backend.encryption.ChunkEngineTest" time="0.007"/>
  <testcase name="getChunkSize should return configured chunk size" classname="com.neurovault.backend.encryption.ChunkEngineTest" time="0.0"/>
  <testcase name="verifyChunkOrder should return false for missing indices" classname="com.neurovault.backend.encryption.ChunkEngineTest" time="0.001"/>
  <testcase name="splitFile should produce a single chunk for data smaller than chunk size" classname="com.neurovault.backend.encryption.ChunkEngineTest" time="0.001"/>
  <testcase name="calculateTotalChunks should handle edge cases correctly" classname="com.neurovault.backend.encryption.ChunkEngineTest" time="0.002"/>
  <testcase name="splitFile with non-aligned size should have smaller last chunk" classname="com.neurovault.backend.encryption.ChunkEngineTest" time="0.002"/>
  <testcase name="mergeChunks should sort by index even if chunks arrive out of order" classname="com.neurovault.backend.encryption.ChunkEngineTest" time="0.002"/>
  <testcase name="split then merge should recover original data" classname="com.neurovault.backend.encryption.ChunkEngineTest" time="0.004"/>
  <testcase name="verifyChunkOrder should return true for valid contiguous indices" classname="com.neurovault.backend.encryption.ChunkEngineTest" time="0.002"/>
  <testcase name="verifyChunkOrder should return false for duplicate indices" classname="com.neurovault.backend.encryption.ChunkEngineTest" time="0.002"/>
  <testcase name="verifyChunkOrder should return false for empty list" classname="com.neurovault.backend.encryption.ChunkEngineTest" time="0.0"/>
  <testcase name="mergeChunks with empty list should throw IllegalArgumentException" classname="com.neurovault.backend.encryption.ChunkEngineTest" time="0.001"/>
  <system-out><![CDATA[2026-07-26T15:05:58.542+05:30  INFO 29468 --- [neurovault-backend] [    Test worker] c.n.backend.encryption.ChunkEngine       : Split file (3072 bytes) into 3 chunks (chunk size=1024)
2026-07-26T15:05:58.547+05:30  INFO 29468 --- [neurovault-backend] [    Test worker] c.n.backend.encryption.ChunkEngine       : Split file (2048 bytes) into 2 chunks (chunk size=1024)
2026-07-26T15:05:58.554+05:30  WARN 29468 --- [neurovault-backend] [    Test worker] c.n.backend.encryption.ChunkEngine       : Chunk order verification failed at position 1: expected index 1, got 2
2026-07-26T15:05:58.555+05:30  INFO 29468 --- [neurovault-backend] [    Test worker] c.n.backend.encryption.ChunkEngine       : Split file (18 bytes) into 1 chunks (chunk size=1024)
2026-07-26T15:05:58.560+05:30  INFO 29468 --- [neurovault-backend] [    Test worker] c.n.backend.encryption.ChunkEngine       : Split file (2148 bytes) into 3 chunks (chunk size=1024)
2026-07-26T15:05:58.563+05:30  INFO 29468 --- [neurovault-backend] [    Test worker] c.n.backend.encryption.ChunkEngine       : Split file (3072 bytes) into 3 chunks (chunk size=1024)
2026-07-26T15:05:58.563+05:30  INFO 29468 --- [neurovault-backend] [    Test worker] c.n.backend.encryption.ChunkEngine       : Merged 3 chunks into 3072 bytes
2026-07-26T15:05:58.566+05:30  INFO 29468 --- [neurovault-backend] [    Test worker] c.n.backend.encryption.ChunkEngine       : Split file (5620 bytes) into 6 chunks (chunk size=1024)
2026-07-26T15:05:58.567+05:30  INFO 29468 --- [neurovault-backend] [    Test worker] c.n.backend.encryption.ChunkEngine       : Merged 6 chunks into 5620 bytes
2026-07-26T15:05:58.569+05:30  INFO 29468 --- [neurovault-backend] [    Test worker] c.n.backend.encryption.ChunkEngine       : Split file (3072 bytes) into 3 chunks (chunk size=1024)
2026-07-26T15:05:58.574+05:30  WARN 29468 --- [neurovault-backend] [    Test worker] c.n.backend.encryption.ChunkEngine       : Chunk order verification failed at position 1: expected index 1, got 0
]]></system-out>
  <system-err><![CDATA[]]></system-err>
</testsuite>
