<?xml version="1.0" encoding="UTF-8"?>
<testsuite name="com.neurovault.backend.replication.service.SelfHealingServiceTest" tests="8" skipped="0" failures="0" errors="0" timestamp="2026-09-02T09:37:32.922Z" hostname="LAPTOP-32IT9DET" time="0.255">
  <properties/>
  <testcase name="testHealChunk_NoDestinationAvailable()" classname="com.neurovault.backend.replication.service.SelfHealingServiceTest" time="0.212"/>
  <testcase name="testRunHealingCycle_DetectsAndRepairs()" classname="com.neurovault.backend.replication.service.SelfHealingServiceTest" time="0.006"/>
  <testcase name="testHealChunk_Success()" classname="com.neurovault.backend.replication.service.SelfHealingServiceTest" time="0.008"/>
  <testcase name="testRunHealingCycle_RespectsMaxConcurrentRepairs()" classname="com.neurovault.backend.replication.service.SelfHealingServiceTest" time="0.006"/>
  <testcase name="testHealChunk_TransferFails_ReplicaMarkedMissing()" classname="com.neurovault.backend.replication.service.SelfHealingServiceTest" time="0.007"/>
  <testcase name="testRunHealingCycle_CleansUpStaleSyncingReplicas()" classname="com.neurovault.backend.replication.service.SelfHealingServiceTest" time="0.003"/>
  <testcase name="testRunHealingCycle_ConcurrencyGuard()" classname="com.neurovault.backend.replication.service.SelfHealingServiceTest" time="0.004"/>
  <testcase name="testHealChunk_NoSourceAvailable()" classname="com.neurovault.backend.replication.service.SelfHealingServiceTest" time="0.003"/>
  <system-out><![CDATA[2026-09-02T15:07:33.132+05:30  INFO 30068 --- [neurovault-backend] [    Test worker] c.n.b.r.service.SelfHealingService       : Healing chunk 4b0297a9-ce4d-414d-b809-d9a3a773258c — deficit: 2
2026-09-02T15:07:33.134+05:30  WARN 30068 --- [neurovault-backend] [    Test worker] c.n.b.r.service.SelfHealingService       :   → No eligible destination for chunk 4b0297a9-ce4d-414d-b809-d9a3a773258c (placed 0/2)
2026-09-02T15:07:33.139+05:30  INFO 30068 --- [neurovault-backend] [    Test worker] c.n.b.r.service.SelfHealingService       : ═══ Starting self-healing cycle ═══
2026-09-02T15:07:33.139+05:30  WARN 30068 --- [neurovault-backend] [    Test worker] c.n.b.r.service.SelfHealingService       : Found 1 under-replicated chunks — initiating repairs
2026-09-02T15:07:33.140+05:30  INFO 30068 --- [neurovault-backend] [    Test worker] c.n.b.r.service.SelfHealingService       : Healing chunk e809614f-d7ce-4b1f-b77d-331cfb2fbe67 — deficit: 1
2026-09-02T15:07:33.140+05:30  INFO 30068 --- [neurovault-backend] [    Test worker] c.n.b.r.service.SelfHealingService       :   → Repair 1/1: source=HostA, destination=HostB, replica=a873b514-eca5-4343-9f2c-891a10e15f65
2026-09-02T15:07:33.141+05:30  INFO 30068 --- [neurovault-backend] [    Test worker] c.n.b.r.service.SelfHealingService       :   ✓ Replica 1/1 created on host HostB for chunk e809614f-d7ce-4b1f-b77d-331cfb2fbe67
2026-09-02T15:07:33.141+05:30  INFO 30068 --- [neurovault-backend] [    Test worker] c.n.b.r.service.SelfHealingService       : ═══ Self-healing cycle complete: inspected=1, initiated=1, succeeded=1, failed=0 ═══
2026-09-02T15:07:33.146+05:30  INFO 30068 --- [neurovault-backend] [    Test worker] c.n.b.r.service.SelfHealingService       : Healing chunk c749200c-36a2-4e03-910e-dbbde48afafd — deficit: 2
2026-09-02T15:07:33.147+05:30  INFO 30068 --- [neurovault-backend] [    Test worker] c.n.b.r.service.SelfHealingService       :   → Repair 1/2: source=HostA, destination=HostB, replica=ce04c882-fc6e-43f0-a57e-55c1cc096c3b
2026-09-02T15:07:33.147+05:30  INFO 30068 --- [neurovault-backend] [    Test worker] c.n.b.r.service.SelfHealingService       :   ✓ Replica 1/2 created on host HostB for chunk c749200c-36a2-4e03-910e-dbbde48afafd
2026-09-02T15:07:33.147+05:30  INFO 30068 --- [neurovault-backend] [    Test worker] c.n.b.r.service.SelfHealingService       :   → Repair 2/2: source=HostA, destination=HostC, replica=862a15a5-885b-4d6f-bf8c-fa4e10c3bca0
2026-09-02T15:07:33.148+05:30  INFO 30068 --- [neurovault-backend] [    Test worker] c.n.b.r.service.SelfHealingService       :   ✓ Replica 2/2 created on host HostC for chunk c749200c-36a2-4e03-910e-dbbde48afafd
2026-09-02T15:07:33.154+05:30  INFO 30068 --- [neurovault-backend] [    Test worker] c.n.b.r.service.SelfHealingService       : ═══ Starting self-healing cycle ═══
2026-09-02T15:07:33.154+05:30  WARN 30068 --- [neurovault-backend] [    Test worker] c.n.b.r.service.SelfHealingService       : Found 2 under-replicated chunks — initiating repairs
2026-09-02T15:07:33.154+05:30  INFO 30068 --- [neurovault-backend] [    Test worker] c.n.b.r.service.SelfHealingService       : Healing chunk eedec7ad-be20-43ec-b446-3657778450ea — deficit: 1
2026-09-02T15:07:33.154+05:30  INFO 30068 --- [neurovault-backend] [    Test worker] c.n.b.r.service.SelfHealingService       :   → Repair 1/1: source=HostA, destination=HostB, replica=4f4adbad-6452-4191-a44e-dde2859bbab7
2026-09-02T15:07:33.155+05:30 ERROR 30068 --- [neurovault-backend] [    Test worker] c.n.b.r.service.SelfHealingService       :   ✗ Integrity mismatch for chunk eedec7ad-be20-43ec-b446-3657778450ea on host HostB: expected=abc123sha256, got=abc
2026-09-02T15:07:33.155+05:30  INFO 30068 --- [neurovault-backend] [    Test worker] c.n.b.r.service.SelfHealingService       : Reached max concurrent repairs (1), deferring remaining
2026-09-02T15:07:33.156+05:30  INFO 30068 --- [neurovault-backend] [    Test worker] c.n.b.r.service.SelfHealingService       : ═══ Self-healing cycle complete: inspected=2, initiated=1, succeeded=0, failed=1 ═══
2026-09-02T15:07:33.162+05:30  INFO 30068 --- [neurovault-backend] [    Test worker] c.n.b.r.service.SelfHealingService       : Healing chunk 1aca1002-6ebc-42bd-b22a-22fb6a4cdf91 — deficit: 1
2026-09-02T15:07:33.163+05:30  INFO 30068 --- [neurovault-backend] [    Test worker] c.n.b.r.service.SelfHealingService       :   → Repair 1/1: source=HostA, destination=HostB, replica=1315d13c-e600-48bc-ad1c-020d156b2eb4
2026-09-02T15:07:33.164+05:30 ERROR 30068 --- [neurovault-backend] [    Test worker] c.n.b.r.service.SelfHealingService       :   ✗ Transfer failed for chunk 1aca1002-6ebc-42bd-b22a-22fb6a4cdf91 → HostB: Connection refused
2026-09-02T15:07:33.168+05:30  INFO 30068 --- [neurovault-backend] [    Test worker] c.n.b.r.service.SelfHealingService       : ═══ Starting self-healing cycle ═══
2026-09-02T15:07:33.168+05:30  WARN 30068 --- [neurovault-backend] [    Test worker] c.n.b.r.service.SelfHealingService       : Cleaning up stale SYNCING replica b01a8c26-c5f6-4b69-b934-4a60c9ffeaae (chunk=89a52aa3-d8d3-48c1-985a-c422aff64b23, host=b298d986-e15a-4624-93a3-b9b31155ccb2, created=2026-09-02T15:02:33.168256800)
2026-09-02T15:07:33.168+05:30  INFO 30068 --- [neurovault-backend] [    Test worker] c.n.b.r.service.SelfHealingService       : Cleaned up 1 stale SYNCING replicas
2026-09-02T15:07:33.168+05:30  INFO 30068 --- [neurovault-backend] [    Test worker] c.n.b.r.service.SelfHealingService       : All chunks are fully replicated — no repairs needed
2026-09-02T15:07:33.173+05:30  INFO 30068 --- [neurovault-backend] [    Test worker] c.n.b.r.service.SelfHealingService       : ═══ Starting self-healing cycle ═══
2026-09-02T15:07:33.174+05:30  INFO 30068 --- [neurovault-backend] [    Test worker] c.n.b.r.service.SelfHealingService       : All chunks are fully replicated — no repairs needed
2026-09-02T15:07:33.174+05:30  INFO 30068 --- [neurovault-backend] [    Test worker] c.n.b.r.service.SelfHealingService       : ═══ Starting self-healing cycle ═══
2026-09-02T15:07:33.174+05:30  INFO 30068 --- [neurovault-backend] [    Test worker] c.n.b.r.service.SelfHealingService       : All chunks are fully replicated — no repairs needed
2026-09-02T15:07:33.176+05:30  INFO 30068 --- [neurovault-backend] [    Test worker] c.n.b.r.service.SelfHealingService       : Healing chunk a591ed85-2af9-47b5-abfd-5ec76ba78217 — deficit: 2
2026-09-02T15:07:33.177+05:30 ERROR 30068 --- [neurovault-backend] [    Test worker] c.n.b.r.service.SelfHealingService       :   → No healthy source available for chunk a591ed85-2af9-47b5-abfd-5ec76ba78217 — data may be unrecoverable
]]></system-out>
  <system-err><![CDATA[]]></system-err>
</testsuite>
