<?xml version="1.0" encoding="UTF-8"?>
<testsuite name="com.neurovault.backend.storage.engine.StorageEngineTest" tests="17" skipped="0" failures="0" errors="0" timestamp="2026-07-22T04:36:32" hostname="ASHOK" time="0.258">
  <properties/>
  <testcase name="storeChunk_shouldRejectDuplicateId()" classname="com.neurovault.backend.storage.engine.StorageEngineTest" time="0.023"/>
  <testcase name="checkCapacity_shouldReturnCorrectly()" classname="com.neurovault.backend.storage.engine.StorageEngineTest" time="0.01"/>
  <testcase name="multipleChunks_shouldStoreAndReadIndependently()" classname="com.neurovault.backend.storage.engine.StorageEngineTest" time="0.022"/>
  <testcase name="verifyChunkExists_shouldReturnFalseForDeleted()" classname="com.neurovault.backend.storage.engine.StorageEngineTest" time="0.013"/>
  <testcase name="calculateUsedSpace_shouldSumActiveChunks()" classname="com.neurovault.backend.storage.engine.StorageEngineTest" time="0.017"/>
  <testcase name="deleteChunk_shouldReduceUsedSpace()" classname="com.neurovault.backend.storage.engine.StorageEngineTest" time="0.014"/>
  <testcase name="metadataPersistence_shouldSurviveReinitialization()" classname="com.neurovault.backend.storage.engine.StorageEngineTest" time="0.018"/>
  <testcase name="listChunks_shouldReturnActiveChunksOnly()" classname="com.neurovault.backend.storage.engine.StorageEngineTest" time="0.019"/>
  <testcase name="storeChunk_shouldWriteAndReturnMetadata()" classname="com.neurovault.backend.storage.engine.StorageEngineTest" time="0.012"/>
  <testcase name="deleteChunk_shouldFailForNonExistent()" classname="com.neurovault.backend.storage.engine.StorageEngineTest" time="0.013"/>
  <testcase name="getChunkMetadata_shouldReturnCorrectMetadata()" classname="com.neurovault.backend.storage.engine.StorageEngineTest" time="0.012"/>
  <testcase name="storeChunk_shouldComputeCorrectSha256()" classname="com.neurovault.backend.storage.engine.StorageEngineTest" time="0.012"/>
  <testcase name="deleteChunk_shouldSoftDelete()" classname="com.neurovault.backend.storage.engine.StorageEngineTest" time="0.011"/>
  <testcase name="readChunk_shouldReturnOriginalData()" classname="com.neurovault.backend.storage.engine.StorageEngineTest" time="0.014"/>
  <testcase name="calculateFreeSpace_shouldAccountForUsedSpace()" classname="com.neurovault.backend.storage.engine.StorageEngineTest" time="0.012"/>
  <testcase name="readChunk_shouldFailForNonExistent()" classname="com.neurovault.backend.storage.engine.StorageEngineTest" time="0.012"/>
  <testcase name="verifyChunkExists_shouldReturnFalseForUnknownId()" classname="com.neurovault.backend.storage.engine.StorageEngineTest" time="0.009"/>
  <system-out><![CDATA[2026-07-22T10:06:32.199+05:30  INFO 11652 --- [neurovault-backend] [    Test worker] c.n.b.s.container.ContainerManager       : Creating container at C:\Users\ashok\AppData\Local\Temp\junit118524890563831084\test-host\storage.container with size 2097152 bytes
2026-07-22T10:06:32.205+05:30  INFO 11652 --- [neurovault-backend] [    Test worker] c.n.b.s.container.ContainerManager       : Container created successfully: C:\Users\ashok\AppData\Local\Temp\junit118524890563831084\test-host\storage.container (2097152 bytes)
2026-07-22T10:06:32.205+05:30 DEBUG 11652 --- [neurovault-backend] [    Test worker] c.n.b.storage.engine.StorageEngine       : No metadata index found or empty container (dataLength=0)
2026-07-22T10:06:32.205+05:30  INFO 11652 --- [neurovault-backend] [    Test worker] c.n.b.storage.engine.StorageEngine       : StorageEngine initialized: 0 chunks loaded, next data offset at 1048832
2026-07-22T10:06:32.205+05:30 DEBUG 11652 --- [neurovault-backend] [    Test worker] c.n.b.storage.engine.StorageEngine       : Storing chunk 0f28072c-428e-4b68-a0b7-5f8b899fac26 (9 bytes) for owner c6604df0-4b4f-4fa3-82be-5a94fbb7ee50
2026-07-22T10:06:32.217+05:30  INFO 11652 --- [neurovault-backend] [    Test worker] c.n.b.storage.engine.StorageEngine       : Chunk 0f28072c-428e-4b68-a0b7-5f8b899fac26 stored at offset 1048832 (9 bytes, SHA256=a186000422feab857329c684e9fe91412b1a5db084100b37a98cfc95b62aa867)
2026-07-22T10:06:32.218+05:30  INFO 11652 --- [neurovault-backend] [    Test worker] c.n.b.s.container.ContainerManager       : Closing container
2026-07-22T10:06:32.222+05:30  INFO 11652 --- [neurovault-backend] [    Test worker] c.n.b.s.container.ContainerManager       : Creating container at C:\Users\ashok\AppData\Local\Temp\junit11440068579399725849\test-host\storage.container with size 2097152 bytes
2026-07-22T10:06:32.229+05:30  INFO 11652 --- [neurovault-backend] [    Test worker] c.n.b.s.container.ContainerManager       : Container created successfully: C:\Users\ashok\AppData\Local\Temp\junit11440068579399725849\test-host\storage.container (2097152 bytes)
2026-07-22T10:06:32.229+05:30 DEBUG 11652 --- [neurovault-backend] [    Test worker] c.n.b.storage.engine.StorageEngine       : No metadata index found or empty container (dataLength=0)
2026-07-22T10:06:32.229+05:30  INFO 11652 --- [neurovault-backend] [    Test worker] c.n.b.storage.engine.StorageEngine       : StorageEngine initialized: 0 chunks loaded, next data offset at 1048832
2026-07-22T10:06:32.230+05:30  INFO 11652 --- [neurovault-backend] [    Test worker] c.n.b.s.container.ContainerManager       : Closing container
2026-07-22T10:06:32.234+05:30  INFO 11652 --- [neurovault-backend] [    Test worker] c.n.b.s.container.ContainerManager       : Creating container at C:\Users\ashok\AppData\Local\Temp\junit7525330479977175061\test-host\storage.container with size 2097152 bytes
2026-07-22T10:06:32.239+05:30  INFO 11652 --- [neurovault-backend] [    Test worker] c.n.b.s.container.ContainerManager       : Container created successfully: C:\Users\ashok\AppData\Local\Temp\junit7525330479977175061\test-host\storage.container (2097152 bytes)
2026-07-22T10:06:32.239+05:30 DEBUG 11652 --- [neurovault-backend] [    Test worker] c.n.b.storage.engine.StorageEngine       : No metadata index found or empty container (dataLength=0)
2026-07-22T10:06:32.239+05:30  INFO 11652 --- [neurovault-backend] [    Test worker] c.n.b.storage.engine.StorageEngine       : StorageEngine initialized: 0 chunks loaded, next data offset at 1048832
2026-07-22T10:06:32.240+05:30 DEBUG 11652 --- [neurovault-backend] [    Test worker] c.n.b.storage.engine.StorageEngine       : Storing chunk f4e6f275-a5fa-4e59-96dc-cc573f1cb416 (12 bytes) for owner 1eaad319-4c59-46be-93ce-6f0fb7b77437
2026-07-22T10:06:32.243+05:30  INFO 11652 --- [neurovault-backend] [    Test worker] c.n.b.storage.engine.StorageEngine       : Chunk f4e6f275-a5fa-4e59-96dc-cc573f1cb416 stored at offset 1048832 (12 bytes, SHA256=6805427e33cb09c0e71a14781020a0d46db06ef571deb5a537ad5c279e852f23)
2026-07-22T10:06:32.243+05:30 DEBUG 11652 --- [neurovault-backend] [    Test worker] c.n.b.storage.engine.StorageEngine       : Storing chunk 6e9e8f0f-4271-4683-b8b5-7c12250f4c16 (12 bytes) for owner 1eaad319-4c59-46be-93ce-6f0fb7b77437
2026-07-22T10:06:32.245+05:30  INFO 11652 --- [neurovault-backend] [    Test worker] c.n.b.storage.engine.StorageEngine       : Chunk 6e9e8f0f-4271-4683-b8b5-7c12250f4c16 stored at offset 1048844 (12 bytes, SHA256=cb3067746ec6ea37001d8821d6cd8a7895576bbd4f0fa8ec9baf39fd79e4f602)
2026-07-22T10:06:32.245+05:30 DEBUG 11652 --- [neurovault-backend] [    Test worker] c.n.b.storage.engine.StorageEngine       : Storing chunk 7b4e8c16-a840-4889-80d0-0e18fa36d264 (12 bytes) for owner 1eaad319-4c59-46be-93ce-6f0fb7b77437
2026-07-22T10:06:32.247+05:30  INFO 11652 --- [neurovault-backend] [    Test worker] c.n.b.storage.engine.StorageEngine       : Chunk 7b4e8c16-a840-4889-80d0-0e18fa36d264 stored at offset 1048856 (12 bytes, SHA256=16a4501fe5cc3c1a12f0b5c7d9fc08edd166cfecc3465243d48073622500262b)
2026-07-22T10:06:32.247+05:30 DEBUG 11652 --- [neurovault-backend] [    Test worker] c.n.b.storage.engine.StorageEngine       : Storing chunk 5d2e234b-7f5c-4ffb-81d8-2df401bf3232 (12 bytes) for owner 1eaad319-4c59-46be-93ce-6f0fb7b77437
2026-07-22T10:06:32.249+05:30  INFO 11652 --- [neurovault-backend] [    Test worker] c.n.b.storage.engine.StorageEngine       : Chunk 5d2e234b-7f5c-4ffb-81d8-2df401bf3232 stored at offset 1048868 (12 bytes, SHA256=db0f38c41cff54dfc6fdfacaade38590a8d89fe8ced23179bf7c62d270019e00)
2026-07-22T10:06:32.249+05:30 DEBUG 11652 --- [neurovault-backend] [    Test worker] c.n.b.storage.engine.StorageEngine       : Storing chunk 74cbbf7e-eeb6-4d37-aaa6-e89e95e1d101 (12 bytes) for owner 1eaad319-4c59-46be-93ce-6f0fb7b77437
2026-07-22T10:06:32.252+05:30  INFO 11652 --- [neurovault-backend] [    Test worker] c.n.b.storage.engine.StorageEngine       : Chunk 74cbbf7e-eeb6-4d37-aaa6-e89e95e1d101 stored at offset 1048880 (12 bytes, SHA256=40040744f475ab024129dd662d7545c755af2d525e221127623d9a2ea2d8ea9c)
2026-07-22T10:06:32.252+05:30 DEBUG 11652 --- [neurovault-backend] [    Test worker] c.n.b.storage.engine.StorageEngine       : Reading chunk f4e6f275-a5fa-4e59-96dc-cc573f1cb416 (12 bytes at offset 1048832)
2026-07-22T10:06:32.252+05:30 DEBUG 11652 --- [neurovault-backend] [    Test worker] c.n.b.storage.engine.StorageEngine       : Reading chunk 6e9e8f0f-4271-4683-b8b5-7c12250f4c16 (12 bytes at offset 1048844)
2026-07-22T10:06:32.252+05:30 DEBUG 11652 --- [neurovault-backend] [    Test worker] c.n.b.storage.engine.StorageEngine       : Reading chunk 7b4e8c16-a840-4889-80d0-0e18fa36d264 (12 bytes at offset 1048856)
2026-07-22T10:06:32.252+05:30 DEBUG 11652 --- [neurovault-backend] [    Test worker] c.n.b.storage.engine.StorageEngine       : Reading chunk 5d2e234b-7f5c-4ffb-81d8-2df401bf3232 (12 bytes at offset 1048868)
2026-07-22T10:06:32.252+05:30 DEBUG 11652 --- [neurovault-backend] [    Test worker] c.n.b.storage.engine.StorageEngine       : Reading chunk 74cbbf7e-eeb6-4d37-aaa6-e89e95e1d101 (12 bytes at offset 1048880)
2026-07-22T10:06:32.252+05:30  INFO 11652 --- [neurovault-backend] [    Test worker] c.n.b.s.container.ContainerManager       : Closing container
2026-07-22T10:06:32.257+05:30  INFO 11652 --- [neurovault-backend] [    Test worker] c.n.b.s.container.ContainerManager       : Creating container at C:\Users\ashok\AppData\Local\Temp\junit5929181853630071925\test-host\storage.container with size 2097152 bytes
2026-07-22T10:06:32.263+05:30  INFO 11652 --- [neurovault-backend] [    Test worker] c.n.b.s.container.ContainerManager       : Container created successfully: C:\Users\ashok\AppData\Local\Temp\junit5929181853630071925\test-host\storage.container (2097152 bytes)
2026-07-22T10:06:32.263+05:30 DEBUG 11652 --- [neurovault-backend] [    Test worker] c.n.b.storage.engine.StorageEngine       : No metadata index found or empty container (dataLength=0)
2026-07-22T10:06:32.263+05:30  INFO 11652 --- [neurovault-backend] [    Test worker] c.n.b.storage.engine.StorageEngine       : StorageEngine initialized: 0 chunks loaded, next data offset at 1048832
2026-07-22T10:06:32.264+05:30 DEBUG 11652 --- [neurovault-backend] [    Test worker] c.n.b.storage.engine.StorageEngine       : Storing chunk fff8ce5b-5a12-4582-8f55-70afbd4a72f3 (11 bytes) for owner d6133654-0565-4d36-85b9-6fa01c67ceb1
2026-07-22T10:06:32.265+05:30  INFO 11652 --- [neurovault-backend] [    Test worker] c.n.b.storage.engine.StorageEngine       : Chunk fff8ce5b-5a12-4582-8f55-70afbd4a72f3 stored at offset 1048832 (11 bytes, SHA256=2a6577aff0a1b597baac6ebf3f6c777fc31ce48351e06ea3df93961bd443747c)
2026-07-22T10:06:32.265+05:30  INFO 11652 --- [neurovault-backend] [    Test worker] c.n.b.storage.engine.StorageEngine       : Deleting chunk fff8ce5b-5a12-4582-8f55-70afbd4a72f3 (11 bytes)
2026-07-22T10:06:32.267+05:30  INFO 11652 --- [neurovault-backend] [    Test worker] c.n.b.storage.engine.StorageEngine       : Chunk fff8ce5b-5a12-4582-8f55-70afbd4a72f3 marked as deleted
2026-07-22T10:06:32.267+05:30  INFO 11652 --- [neurovault-backend] [    Test worker] c.n.b.s.container.ContainerManager       : Closing container
2026-07-22T10:06:32.271+05:30  INFO 11652 --- [neurovault-backend] [    Test worker] c.n.b.s.container.ContainerManager       : Creating container at C:\Users\ashok\AppData\Local\Temp\junit1781296229305505227\test-host\storage.container with size 2097152 bytes
2026-07-22T10:06:32.278+05:30  INFO 11652 --- [neurovault-backend] [    Test worker] c.n.b.s.container.ContainerManager       : Container created successfully: C:\Users\ashok\AppData\Local\Temp\junit1781296229305505227\test-host\storage.container (2097152 bytes)
2026-07-22T10:06:32.278+05:30 DEBUG 11652 --- [neurovault-backend] [    Test worker] c.n.b.storage.engine.StorageEngine       : No metadata index found or empty container (dataLength=0)
2026-07-22T10:06:32.278+05:30  INFO 11652 --- [neurovault-backend] [    Test worker] c.n.b.storage.engine.StorageEngine       : StorageEngine initialized: 0 chunks loaded, next data offset at 1048832
2026-07-22T10:06:32.279+05:30 DEBUG 11652 --- [neurovault-backend] [    Test worker] c.n.b.storage.engine.StorageEngine       : Storing chunk 34bbd8ee-db04-4c1b-b990-ca024ee68fde (100 bytes) for owner 5db01199-20be-4fbd-861e-32c4abefef2e
2026-07-22T10:06:32.280+05:30  INFO 11652 --- [neurovault-backend] [    Test worker] c.n.b.storage.engine.StorageEngine       : Chunk 34bbd8ee-db04-4c1b-b990-ca024ee68fde stored at offset 1048832 (100 bytes, SHA256=cd00e292c5970d3c5e2f0ffa5171e555bc46bfc4faddfb4a418b6840b86e79a3)
2026-07-22T10:06:32.280+05:30 DEBUG 11652 --- [neurovault-backend] [    Test worker] c.n.b.storage.engine.StorageEngine       : Storing chunk 4890630e-2d3d-4699-8bc7-6605f6588bd4 (200 bytes) for owner 5db01199-20be-4fbd-861e-32c4abefef2e
2026-07-22T10:06:32.282+05:30  INFO 11652 --- [neurovault-backend] [    Test worker] c.n.b.storage.engine.StorageEngine       : Chunk 4890630e-2d3d-4699-8bc7-6605f6588bd4 stored at offset 1048932 (200 bytes, SHA256=6d9c54dee5660c46886f32d80e57e9dd0ffa57ee0cd2a762b036d9c8e0c3a33a)
2026-07-22T10:06:32.282+05:30 DEBUG 11652 --- [neurovault-backend] [    Test worker] c.n.b.storage.engine.StorageEngine       : Storing chunk 3412f384-f03f-4b00-a63c-34aaed207cef (300 bytes) for owner 5db01199-20be-4fbd-861e-32c4abefef2e
2026-07-22T10:06:32.284+05:30  INFO 11652 --- [neurovault-backend] [    Test worker] c.n.b.storage.engine.StorageEngine       : Chunk 3412f384-f03f-4b00-a63c-34aaed207cef stored at offset 1049132 (300 bytes, SHA256=d13d4a8b3b8add19b5970157f09d00c12cbda4fed4d74d8493156523f7069b66)
2026-07-22T10:06:32.285+05:30  INFO 11652 --- [neurovault-backend] [    Test worker] c.n.b.s.container.ContainerManager       : Closing container
2026-07-22T10:06:32.290+05:30  INFO 11652 --- [neurovault-backend] [    Test worker] c.n.b.s.container.ContainerManager       : Creating container at C:\Users\ashok\AppData\Local\Temp\junit18170036454301758506\test-host\storage.container with size 2097152 bytes
2026-07-22T10:06:32.296+05:30  INFO 11652 --- [neurovault-backend] [    Test worker] c.n.b.s.container.ContainerManager       : Container created successfully: C:\Users\ashok\AppData\Local\Temp\junit18170036454301758506\test-host\storage.container (2097152 bytes)
2026-07-22T10:06:32.296+05:30 DEBUG 11652 --- [neurovault-backend] [    Test worker] c.n.b.storage.engine.StorageEngine       : No metadata index found or empty container (dataLength=0)
2026-07-22T10:06:32.296+05:30  INFO 11652 --- [neurovault-backend] [    Test worker] c.n.b.storage.engine.StorageEngine       : StorageEngine initialized: 0 chunks loaded, next data offset at 1048832
2026-07-22T10:06:32.296+05:30 DEBUG 11652 --- [neurovault-backend] [    Test worker] c.n.b.storage.engine.StorageEngine       : Storing chunk a49d05a6-dddd-4d5c-be84-9bf85ea90a0c (1024 bytes) for owner fc9f24dc-a849-4bf8-aeec-1157e829f84b
2026-07-22T10:06:32.298+05:30  INFO 11652 --- [neurovault-backend] [    Test worker] c.n.b.storage.engine.StorageEngine       : Chunk a49d05a6-dddd-4d5c-be84-9bf85ea90a0c stored at offset 1048832 (1024 bytes, SHA256=5f70bf18a086007016e948b04aed3b82103a36bea41755b6cddfaf10ace3c6ef)
2026-07-22T10:06:32.298+05:30  INFO 11652 --- [neurovault-backend] [    Test worker] c.n.b.storage.engine.StorageEngine       : Deleting chunk a49d05a6-dddd-4d5c-be84-9bf85ea90a0c (1024 bytes)
2026-07-22T10:06:32.300+05:30  INFO 11652 --- [neurovault-backend] [    Test worker] c.n.b.storage.engine.StorageEngine       : Chunk a49d05a6-dddd-4d5c-be84-9bf85ea90a0c marked as deleted
2026-07-22T10:06:32.300+05:30  INFO 11652 --- [neurovault-backend] [    Test worker] c.n.b.s.container.ContainerManager       : Closing container
2026-07-22T10:06:32.305+05:30  INFO 11652 --- [neurovault-backend] [    Test worker] c.n.b.s.container.ContainerManager       : Creating container at C:\Users\ashok\AppData\Local\Temp\junit9060744179890483991\test-host\storage.container with size 2097152 bytes
2026-07-22T10:06:32.313+05:30  INFO 11652 --- [neurovault-backend] [    Test worker] c.n.b.s.container.ContainerManager       : Container created successfully: C:\Users\ashok\AppData\Local\Temp\junit9060744179890483991\test-host\storage.container (2097152 bytes)
2026-07-22T10:06:32.313+05:30 DEBUG 11652 --- [neurovault-backend] [    Test worker] c.n.b.storage.engine.StorageEngine       : No metadata index found or empty container (dataLength=0)
2026-07-22T10:06:32.313+05:30  INFO 11652 --- [neurovault-backend] [    Test worker] c.n.b.storage.engine.StorageEngine       : StorageEngine initialized: 0 chunks loaded, next data offset at 1048832
2026-07-22T10:06:32.314+05:30 DEBUG 11652 --- [neurovault-backend] [    Test worker] c.n.b.storage.engine.StorageEngine       : Storing chunk 123bdfdc-e5c7-4b8b-8ddd-7165c98c0757 (16 bytes) for owner 7d5afa8d-8d70-48e0-9431-7ec0144f56a4
2026-07-22T10:06:32.315+05:30  INFO 11652 --- [neurovault-backend] [    Test worker] c.n.b.storage.engine.StorageEngine       : Chunk 123bdfdc-e5c7-4b8b-8ddd-7165c98c0757 stored at offset 1048832 (16 bytes, SHA256=9f1547caaedc6a41ba42b48e8bf1b6db74ecd819bf7dae9fe29e703586151dd9)
2026-07-22T10:06:32.315+05:30  INFO 11652 --- [neurovault-backend] [    Test worker] c.n.b.s.container.ContainerManager       : Closing container
2026-07-22T10:06:32.316+05:30  INFO 11652 --- [neurovault-backend] [    Test worker] c.n.b.s.container.ContainerManager       : Opening container at C:\Users\ashok\AppData\Local\Temp\junit9060744179890483991\test-host\storage.container
2026-07-22T10:06:32.316+05:30  INFO 11652 --- [neurovault-backend] [    Test worker] c.n.b.s.container.ContainerManager       : Container opened: C:\Users\ashok\AppData\Local\Temp\junit9060744179890483991\test-host\storage.container (size=2097152, chunks=1, used=16)
2026-07-22T10:06:32.318+05:30  INFO 11652 --- [neurovault-backend] [    Test worker] c.n.b.storage.engine.StorageEngine       : Loaded 1 chunk metadata entries from container
2026-07-22T10:06:32.318+05:30  INFO 11652 --- [neurovault-backend] [    Test worker] c.n.b.storage.engine.StorageEngine       : StorageEngine initialized: 1 chunks loaded, next data offset at 1048848
2026-07-22T10:06:32.318+05:30 DEBUG 11652 --- [neurovault-backend] [    Test worker] c.n.b.storage.engine.StorageEngine       : Reading chunk 123bdfdc-e5c7-4b8b-8ddd-7165c98c0757 (16 bytes at offset 1048832)
2026-07-22T10:06:32.318+05:30  INFO 11652 --- [neurovault-backend] [    Test worker] c.n.b.s.container.ContainerManager       : Closing container
2026-07-22T10:06:32.323+05:30  INFO 11652 --- [neurovault-backend] [    Test worker] c.n.b.s.container.ContainerManager       : Creating container at C:\Users\ashok\AppData\Local\Temp\junit6136825433068347153\test-host\storage.container with size 2097152 bytes
2026-07-22T10:06:32.330+05:30  INFO 11652 --- [neurovault-backend] [    Test worker] c.n.b.s.container.ContainerManager       : Container created successfully: C:\Users\ashok\AppData\Local\Temp\junit6136825433068347153\test-host\storage.container (2097152 bytes)
2026-07-22T10:06:32.330+05:30 DEBUG 11652 --- [neurovault-backend] [    Test worker] c.n.b.storage.engine.StorageEngine       : No metadata index found or empty container (dataLength=0)
2026-07-22T10:06:32.330+05:30  INFO 11652 --- [neurovault-backend] [    Test worker] c.n.b.storage.engine.StorageEngine       : StorageEngine initialized: 0 chunks loaded, next data offset at 1048832
2026-07-22T10:06:32.330+05:30 DEBUG 11652 --- [neurovault-backend] [    Test worker] c.n.b.storage.engine.StorageEngine       : Storing chunk cc3f59cf-0be4-4e32-bbcc-ceaddcc60d92 (4 bytes) for owner f9e25e28-3a6f-40c5-8db9-c5247cac4975
2026-07-22T10:06:32.332+05:30  INFO 11652 --- [neurovault-backend] [    Test worker] c.n.b.storage.engine.StorageEngine       : Chunk cc3f59cf-0be4-4e32-bbcc-ceaddcc60d92 stored at offset 1048832 (4 bytes, SHA256=9f86d081884c7d659a2feaa0c55ad015a3bf4f1b2b0b822cd15d6c15b0f00a08)
2026-07-22T10:06:32.332+05:30 DEBUG 11652 --- [neurovault-backend] [    Test worker] c.n.b.storage.engine.StorageEngine       : Storing chunk c09ae2cb-2dbb-45f2-b839-f178279dfb0a (4 bytes) for owner f9e25e28-3a6f-40c5-8db9-c5247cac4975
2026-07-22T10:06:32.334+05:30  INFO 11652 --- [neurovault-backend] [    Test worker] c.n.b.storage.engine.StorageEngine       : Chunk c09ae2cb-2dbb-45f2-b839-f178279dfb0a stored at offset 1048836 (4 bytes, SHA256=9f86d081884c7d659a2feaa0c55ad015a3bf4f1b2b0b822cd15d6c15b0f00a08)
2026-07-22T10:06:32.334+05:30 DEBUG 11652 --- [neurovault-backend] [    Test worker] c.n.b.storage.engine.StorageEngine       : Storing chunk 9d4813ec-00f6-4173-9207-4c9837b1b23e (4 bytes) for owner f9e25e28-3a6f-40c5-8db9-c5247cac4975
2026-07-22T10:06:32.335+05:30  INFO 11652 --- [neurovault-backend] [    Test worker] c.n.b.storage.engine.StorageEngine       : Chunk 9d4813ec-00f6-4173-9207-4c9837b1b23e stored at offset 1048840 (4 bytes, SHA256=9f86d081884c7d659a2feaa0c55ad015a3bf4f1b2b0b822cd15d6c15b0f00a08)
2026-07-22T10:06:32.335+05:30  INFO 11652 --- [neurovault-backend] [    Test worker] c.n.b.storage.engine.StorageEngine       : Deleting chunk c09ae2cb-2dbb-45f2-b839-f178279dfb0a (4 bytes)
2026-07-22T10:06:32.336+05:30  INFO 11652 --- [neurovault-backend] [    Test worker] c.n.b.storage.engine.StorageEngine       : Chunk c09ae2cb-2dbb-45f2-b839-f178279dfb0a marked as deleted
2026-07-22T10:06:32.338+05:30  INFO 11652 --- [neurovault-backend] [    Test worker] c.n.b.s.container.ContainerManager       : Closing container
2026-07-22T10:06:32.344+05:30  INFO 11652 --- [neurovault-backend] [    Test worker] c.n.b.s.container.ContainerManager       : Creating container at C:\Users\ashok\AppData\Local\Temp\junit7272232838339975866\test-host\storage.container with size 2097152 bytes
2026-07-22T10:06:32.350+05:30  INFO 11652 --- [neurovault-backend] [    Test worker] c.n.b.s.container.ContainerManager       : Container created successfully: C:\Users\ashok\AppData\Local\Temp\junit7272232838339975866\test-host\storage.container (2097152 bytes)
2026-07-22T10:06:32.350+05:30 DEBUG 11652 --- [neurovault-backend] [    Test worker] c.n.b.storage.engine.StorageEngine       : No metadata index found or empty container (dataLength=0)
2026-07-22T10:06:32.350+05:30  INFO 11652 --- [neurovault-backend] [    Test worker] c.n.b.storage.engine.StorageEngine       : StorageEngine initialized: 0 chunks loaded, next data offset at 1048832
2026-07-22T10:06:32.350+05:30 DEBUG 11652 --- [neurovault-backend] [    Test worker] c.n.b.storage.engine.StorageEngine       : Storing chunk 03454afa-ece1-43b7-8e50-f3ebdc034638 (20 bytes) for owner abf127a2-70df-4ba7-a73f-c75ba93f2a8c
2026-07-22T10:06:32.352+05:30  INFO 11652 --- [neurovault-backend] [    Test worker] c.n.b.storage.engine.StorageEngine       : Chunk 03454afa-ece1-43b7-8e50-f3ebdc034638 stored at offset 1048832 (20 bytes, SHA256=ec78752d33386645dc3aba377ac14117dd7a39917bfda7574e14a320f3bb190e)
2026-07-22T10:06:32.352+05:30  INFO 11652 --- [neurovault-backend] [    Test worker] c.n.b.s.container.ContainerManager       : Closing container
2026-07-22T10:06:32.357+05:30  INFO 11652 --- [neurovault-backend] [    Test worker] c.n.b.s.container.ContainerManager       : Creating container at C:\Users\ashok\AppData\Local\Temp\junit4254500232540426075\test-host\storage.container with size 2097152 bytes
2026-07-22T10:06:32.364+05:30  INFO 11652 --- [neurovault-backend] [    Test worker] c.n.b.s.container.ContainerManager       : Container created successfully: C:\Users\ashok\AppData\Local\Temp\junit4254500232540426075\test-host\storage.container (2097152 bytes)
2026-07-22T10:06:32.364+05:30 DEBUG 11652 --- [neurovault-backend] [    Test worker] c.n.b.storage.engine.StorageEngine       : No metadata index found or empty container (dataLength=0)
2026-07-22T10:06:32.364+05:30  INFO 11652 --- [neurovault-backend] [    Test worker] c.n.b.storage.engine.StorageEngine       : StorageEngine initialized: 0 chunks loaded, next data offset at 1048832
2026-07-22T10:06:32.367+05:30  INFO 11652 --- [neurovault-backend] [    Test worker] c.n.b.s.container.ContainerManager       : Closing container
2026-07-22T10:06:32.371+05:30  INFO 11652 --- [neurovault-backend] [    Test worker] c.n.b.s.container.ContainerManager       : Creating container at C:\Users\ashok\AppData\Local\Temp\junit11945820389470144583\test-host\storage.container with size 2097152 bytes
2026-07-22T10:06:32.376+05:30  INFO 11652 --- [neurovault-backend] [    Test worker] c.n.b.s.container.ContainerManager       : Container created successfully: C:\Users\ashok\AppData\Local\Temp\junit11945820389470144583\test-host\storage.container (2097152 bytes)
2026-07-22T10:06:32.376+05:30 DEBUG 11652 --- [neurovault-backend] [    Test worker] c.n.b.storage.engine.StorageEngine       : No metadata index found or empty container (dataLength=0)
2026-07-22T10:06:32.376+05:30  INFO 11652 --- [neurovault-backend] [    Test worker] c.n.b.storage.engine.StorageEngine       : StorageEngine initialized: 0 chunks loaded, next data offset at 1048832
2026-07-22T10:06:32.377+05:30 DEBUG 11652 --- [neurovault-backend] [    Test worker] c.n.b.storage.engine.StorageEngine       : Storing chunk 59da59d3-67a3-4b00-a560-c464399b43d7 (13 bytes) for owner 978c7e04-467b-4226-a487-55969a5d5e14
2026-07-22T10:06:32.379+05:30  INFO 11652 --- [neurovault-backend] [    Test worker] c.n.b.storage.engine.StorageEngine       : Chunk 59da59d3-67a3-4b00-a560-c464399b43d7 stored at offset 1048832 (13 bytes, SHA256=49fec53429f555dfaec079c2e21cd4d92f403f1ad6772a6aeb476f831350ce1b)
2026-07-22T10:06:32.380+05:30  INFO 11652 --- [neurovault-backend] [    Test worker] c.n.b.s.container.ContainerManager       : Closing container
2026-07-22T10:06:32.384+05:30  INFO 11652 --- [neurovault-backend] [    Test worker] c.n.b.s.container.ContainerManager       : Creating container at C:\Users\ashok\AppData\Local\Temp\junit9698190391872374254\test-host\storage.container with size 2097152 bytes
2026-07-22T10:06:32.388+05:30  INFO 11652 --- [neurovault-backend] [    Test worker] c.n.b.s.container.ContainerManager       : Container created successfully: C:\Users\ashok\AppData\Local\Temp\junit9698190391872374254\test-host\storage.container (2097152 bytes)
2026-07-22T10:06:32.389+05:30 DEBUG 11652 --- [neurovault-backend] [    Test worker] c.n.b.storage.engine.StorageEngine       : No metadata index found or empty container (dataLength=0)
2026-07-22T10:06:32.389+05:30  INFO 11652 --- [neurovault-backend] [    Test worker] c.n.b.storage.engine.StorageEngine       : StorageEngine initialized: 0 chunks loaded, next data offset at 1048832
2026-07-22T10:06:32.389+05:30 DEBUG 11652 --- [neurovault-backend] [    Test worker] c.n.b.storage.engine.StorageEngine       : Storing chunk c42e3410-04d6-45a4-bd2a-8d17ec7eccd4 (16 bytes) for owner 09152583-e607-4254-a64b-10743401fcee
2026-07-22T10:06:32.390+05:30  INFO 11652 --- [neurovault-backend] [    Test worker] c.n.b.storage.engine.StorageEngine       : Chunk c42e3410-04d6-45a4-bd2a-8d17ec7eccd4 stored at offset 1048832 (16 bytes, SHA256=ce7afe66ebaaf39f7e09fc3ae3f3d0b0e668cf062585c6219c52c552544f7633)
2026-07-22T10:06:32.391+05:30  INFO 11652 --- [neurovault-backend] [    Test worker] c.n.b.s.container.ContainerManager       : Closing container
2026-07-22T10:06:32.397+05:30  INFO 11652 --- [neurovault-backend] [    Test worker] c.n.b.s.container.ContainerManager       : Creating container at C:\Users\ashok\AppData\Local\Temp\junit9642989223811922914\test-host\storage.container with size 2097152 bytes
2026-07-22T10:06:32.401+05:30  INFO 11652 --- [neurovault-backend] [    Test worker] c.n.b.s.container.ContainerManager       : Container created successfully: C:\Users\ashok\AppData\Local\Temp\junit9642989223811922914\test-host\storage.container (2097152 bytes)
2026-07-22T10:06:32.402+05:30 DEBUG 11652 --- [neurovault-backend] [    Test worker] c.n.b.storage.engine.StorageEngine       : No metadata index found or empty container (dataLength=0)
2026-07-22T10:06:32.402+05:30  INFO 11652 --- [neurovault-backend] [    Test worker] c.n.b.storage.engine.StorageEngine       : StorageEngine initialized: 0 chunks loaded, next data offset at 1048832
2026-07-22T10:06:32.402+05:30 DEBUG 11652 --- [neurovault-backend] [    Test worker] c.n.b.storage.engine.StorageEngine       : Storing chunk 9b78a374-30f2-4b7d-9e8c-09069fcf432a (14 bytes) for owner b1ff3141-ed7f-4553-a459-3838705e265b
2026-07-22T10:06:32.403+05:30  INFO 11652 --- [neurovault-backend] [    Test worker] c.n.b.storage.engine.StorageEngine       : Chunk 9b78a374-30f2-4b7d-9e8c-09069fcf432a stored at offset 1048832 (14 bytes, SHA256=79ce287bb2954c504b7e8ca2a7b684e99b979f3dd65c0e53a8975770f364e9b3)
2026-07-22T10:06:32.403+05:30  INFO 11652 --- [neurovault-backend] [    Test worker] c.n.b.storage.engine.StorageEngine       : Deleting chunk 9b78a374-30f2-4b7d-9e8c-09069fcf432a (14 bytes)
2026-07-22T10:06:32.404+05:30  INFO 11652 --- [neurovault-backend] [    Test worker] c.n.b.storage.engine.StorageEngine       : Chunk 9b78a374-30f2-4b7d-9e8c-09069fcf432a marked as deleted
2026-07-22T10:06:32.405+05:30  INFO 11652 --- [neurovault-backend] [    Test worker] c.n.b.s.container.ContainerManager       : Closing container
2026-07-22T10:06:32.410+05:30  INFO 11652 --- [neurovault-backend] [    Test worker] c.n.b.s.container.ContainerManager       : Creating container at C:\Users\ashok\AppData\Local\Temp\junit2260170760395272027\test-host\storage.container with size 2097152 bytes
2026-07-22T10:06:32.415+05:30  INFO 11652 --- [neurovault-backend] [    Test worker] c.n.b.s.container.ContainerManager       : Container created successfully: C:\Users\ashok\AppData\Local\Temp\junit2260170760395272027\test-host\storage.container (2097152 bytes)
2026-07-22T10:06:32.416+05:30 DEBUG 11652 --- [neurovault-backend] [    Test worker] c.n.b.storage.engine.StorageEngine       : No metadata index found or empty container (dataLength=0)
2026-07-22T10:06:32.416+05:30  INFO 11652 --- [neurovault-backend] [    Test worker] c.n.b.storage.engine.StorageEngine       : StorageEngine initialized: 0 chunks loaded, next data offset at 1048832
2026-07-22T10:06:32.416+05:30 DEBUG 11652 --- [neurovault-backend] [    Test worker] c.n.b.storage.engine.StorageEngine       : Storing chunk 1669e73e-f03a-4fac-9369-51c930a7dbae (26 bytes) for owner 37e62441-a4ac-474a-9016-87e85f37fd11
2026-07-22T10:06:32.418+05:30  INFO 11652 --- [neurovault-backend] [    Test worker] c.n.b.storage.engine.StorageEngine       : Chunk 1669e73e-f03a-4fac-9369-51c930a7dbae stored at offset 1048832 (26 bytes, SHA256=5999d7edbad0bcc3e2605ded6fdfed7d5a956b1a4615fdf0fcb2f7682438f15a)
2026-07-22T10:06:32.418+05:30 DEBUG 11652 --- [neurovault-backend] [    Test worker] c.n.b.storage.engine.StorageEngine       : Reading chunk 1669e73e-f03a-4fac-9369-51c930a7dbae (26 bytes at offset 1048832)
2026-07-22T10:06:32.418+05:30  INFO 11652 --- [neurovault-backend] [    Test worker] c.n.b.s.container.ContainerManager       : Closing container
2026-07-22T10:06:32.423+05:30  INFO 11652 --- [neurovault-backend] [    Test worker] c.n.b.s.container.ContainerManager       : Creating container at C:\Users\ashok\AppData\Local\Temp\junit3973843868315502657\test-host\storage.container with size 2097152 bytes
2026-07-22T10:06:32.429+05:30  INFO 11652 --- [neurovault-backend] [    Test worker] c.n.b.s.container.ContainerManager       : Container created successfully: C:\Users\ashok\AppData\Local\Temp\junit3973843868315502657\test-host\storage.container (2097152 bytes)
2026-07-22T10:06:32.429+05:30 DEBUG 11652 --- [neurovault-backend] [    Test worker] c.n.b.storage.engine.StorageEngine       : No metadata index found or empty container (dataLength=0)
2026-07-22T10:06:32.429+05:30  INFO 11652 --- [neurovault-backend] [    Test worker] c.n.b.storage.engine.StorageEngine       : StorageEngine initialized: 0 chunks loaded, next data offset at 1048832
2026-07-22T10:06:32.430+05:30 DEBUG 11652 --- [neurovault-backend] [    Test worker] c.n.b.storage.engine.StorageEngine       : Storing chunk c6d56c80-a977-4ad8-aeb4-1d775394a838 (1024 bytes) for owner fd95cced-1bb0-425d-b91a-0932ba52d378
2026-07-22T10:06:32.431+05:30  INFO 11652 --- [neurovault-backend] [    Test worker] c.n.b.storage.engine.StorageEngine       : Chunk c6d56c80-a977-4ad8-aeb4-1d775394a838 stored at offset 1048832 (1024 bytes, SHA256=5f70bf18a086007016e948b04aed3b82103a36bea41755b6cddfaf10ace3c6ef)
2026-07-22T10:06:32.432+05:30  INFO 11652 --- [neurovault-backend] [    Test worker] c.n.b.s.container.ContainerManager       : Closing container
2026-07-22T10:06:32.436+05:30  INFO 11652 --- [neurovault-backend] [    Test worker] c.n.b.s.container.ContainerManager       : Creating container at C:\Users\ashok\AppData\Local\Temp\junit2155526629998017774\test-host\storage.container with size 2097152 bytes
2026-07-22T10:06:32.440+05:30  INFO 11652 --- [neurovault-backend] [    Test worker] c.n.b.s.container.ContainerManager       : Container created successfully: C:\Users\ashok\AppData\Local\Temp\junit2155526629998017774\test-host\storage.container (2097152 bytes)
2026-07-22T10:06:32.441+05:30 DEBUG 11652 --- [neurovault-backend] [    Test worker] c.n.b.storage.engine.StorageEngine       : No metadata index found or empty container (dataLength=0)
2026-07-22T10:06:32.441+05:30  INFO 11652 --- [neurovault-backend] [    Test worker] c.n.b.storage.engine.StorageEngine       : StorageEngine initialized: 0 chunks loaded, next data offset at 1048832
2026-07-22T10:06:32.442+05:30  INFO 11652 --- [neurovault-backend] [    Test worker] c.n.b.s.container.ContainerManager       : Closing container
2026-07-22T10:06:32.448+05:30  INFO 11652 --- [neurovault-backend] [    Test worker] c.n.b.s.container.ContainerManager       : Creating container at C:\Users\ashok\AppData\Local\Temp\junit5754621189012088954\test-host\storage.container with size 2097152 bytes
2026-07-22T10:06:32.453+05:30  INFO 11652 --- [neurovault-backend] [    Test worker] c.n.b.s.container.ContainerManager       : Container created successfully: C:\Users\ashok\AppData\Local\Temp\junit5754621189012088954\test-host\storage.container (2097152 bytes)
2026-07-22T10:06:32.453+05:30 DEBUG 11652 --- [neurovault-backend] [    Test worker] c.n.b.storage.engine.StorageEngine       : No metadata index found or empty container (dataLength=0)
2026-07-22T10:06:32.453+05:30  INFO 11652 --- [neurovault-backend] [    Test worker] c.n.b.storage.engine.StorageEngine       : StorageEngine initialized: 0 chunks loaded, next data offset at 1048832
2026-07-22T10:06:32.454+05:30  INFO 11652 --- [neurovault-backend] [    Test worker] c.n.b.s.container.ContainerManager       : Closing container
]]></system-out>
  <system-err><![CDATA[]]></system-err>
</testsuite>
