<?xml version="1.0" encoding="UTF-8"?>
<testsuite name="com.neurovault.backend.host.service.HeartbeatServiceTest" tests="6" skipped="0" failures="0" errors="0" timestamp="2026-07-26T08:22:09" hostname="ASHOK" time="0.103">
  <properties/>
  <testcase name="getHeartbeatHistory_shouldThrowWhenHostNotFound()" classname="com.neurovault.backend.host.service.HeartbeatServiceTest" time="0.08"/>
  <testcase name="markHostOffline_shouldUpdateStatus()" classname="com.neurovault.backend.host.service.HeartbeatServiceTest" time="0.006"/>
  <testcase name="processHeartbeat_shouldThrowWhenHostNotFound()" classname="com.neurovault.backend.host.service.HeartbeatServiceTest" time="0.004"/>
  <testcase name="processHeartbeat_shouldUpdateHostAndPersist()" classname="com.neurovault.backend.host.service.HeartbeatServiceTest" time="0.005"/>
  <testcase name="markHostOffline_shouldNotUpdateIfAlreadyOffline()" classname="com.neurovault.backend.host.service.HeartbeatServiceTest" time="0.002"/>
  <testcase name="getHeartbeatHistory_shouldReturnOrderedList()" classname="com.neurovault.backend.host.service.HeartbeatServiceTest" time="0.003"/>
  <system-out><![CDATA[2026-07-26T13:52:10.081+05:30  WARN 16592 --- [neurovault-backend] [    Test worker] c.n.b.host.service.HeartbeatService      : Marking host 684091a0-9ee8-4d90-b347-17cc8cbb3069 ('test-host') as OFFLINE due to missed heartbeats
2026-07-26T13:52:10.088+05:30 DEBUG 16592 --- [neurovault-backend] [    Test worker] c.n.b.host.service.HeartbeatService      : Processing heartbeat from host 3caa88d2-bf43-42eb-a340-66459d2607a9
2026-07-26T13:52:10.093+05:30 DEBUG 16592 --- [neurovault-backend] [    Test worker] c.n.b.host.service.HeartbeatService      : Processing heartbeat from host 01801955-c46d-4a27-aca7-3910eceb6af2
2026-07-26T13:52:10.093+05:30 DEBUG 16592 --- [neurovault-backend] [    Test worker] c.n.b.host.service.HeartbeatService      : Heartbeat from host 01801955-c46d-4a27-aca7-3910eceb6af2 processed successfully
]]></system-out>
  <system-err><![CDATA[]]></system-err>
</testsuite>
