<?xml version="1.0" encoding="UTF-8"?>
<testsuite name="com.neurovault.backend.storage.service.StorageServiceTest" tests="8" skipped="0" failures="0" errors="0" timestamp="2026-07-26T09:36:17" hostname="ASHOK" time="0.278">
  <properties/>
  <testcase name="createStorage_shouldUpdateExistingContainer()" classname="com.neurovault.backend.storage.service.StorageServiceTest" time="0.235"/>
  <testcase name="createStorage_shouldCreateContainerAndPersist()" classname="com.neurovault.backend.storage.service.StorageServiceTest" time="0.007"/>
  <testcase name="listChunks_shouldReturnDtoList()" classname="com.neurovault.backend.storage.service.StorageServiceTest" time="0.005"/>
  <testcase name="readChunk_shouldReturnEncryptedBytes()" classname="com.neurovault.backend.storage.service.StorageServiceTest" time="0.004"/>
  <testcase name="storeChunk_shouldDelegateToEngine()" classname="com.neurovault.backend.storage.service.StorageServiceTest" time="0.008"/>
  <testcase name="deleteStorage_shouldDeleteContainerAndCleanup()" classname="com.neurovault.backend.storage.service.StorageServiceTest" time="0.008"/>
  <testcase name="createStorage_shouldThrowWhenHostNotFound()" classname="com.neurovault.backend.storage.service.StorageServiceTest" time="0.003"/>
  <testcase name="getStorageStatus_shouldReturnLiveMetrics()" classname="com.neurovault.backend.storage.service.StorageServiceTest" time="0.004"/>
  <system-out><![CDATA[2026-07-26T15:06:17.681+05:30  INFO 29468 --- [neurovault-backend] [    Test worker] c.n.b.storage.service.StorageService     : Creating storage container for host db272746-1f92-4027-8812-aa088f9e582c with size 1 GB (path=null)
2026-07-26T15:06:17.683+05:30  INFO 29468 --- [neurovault-backend] [    Test worker] c.n.b.storage.service.StorageService     : Creating disk container file at: .\test-storage\db272746-1f92-4027-8812-aa088f9e582c\storage.container
2026-07-26T15:06:17.684+05:30  INFO 29468 --- [neurovault-backend] [    Test worker] c.n.b.storage.service.StorageService     : Storage container created for host db272746-1f92-4027-8812-aa088f9e582c at .\test-storage\db272746-1f92-4027-8812-aa088f9e582c\storage.container (1073741824 bytes locked on disk)
2026-07-26T15:06:17.693+05:30  INFO 29468 --- [neurovault-backend] [    Test worker] c.n.b.storage.service.StorageService     : Creating storage container for host 12a5a342-986e-404f-a477-66dd155d8fc9 with size 1 GB (path=null)
2026-07-26T15:06:17.693+05:30  INFO 29468 --- [neurovault-backend] [    Test worker] c.n.b.storage.service.StorageService     : Creating disk container file at: .\test-storage\12a5a342-986e-404f-a477-66dd155d8fc9\storage.container
2026-07-26T15:06:17.694+05:30  INFO 29468 --- [neurovault-backend] [    Test worker] c.n.b.storage.service.StorageService     : Storage container created for host 12a5a342-986e-404f-a477-66dd155d8fc9 at .\test-storage\12a5a342-986e-404f-a477-66dd155d8fc9\storage.container (1073741824 bytes locked on disk)
2026-07-26T15:06:17.721+05:30  INFO 29468 --- [neurovault-backend] [    Test worker] c.n.b.storage.service.StorageService     : Deleting storage container for host ab468008-d110-4470-8465-8828f0a4ad66
2026-07-26T15:06:17.722+05:30  INFO 29468 --- [neurovault-backend] [    Test worker] c.n.b.storage.service.StorageService     : Storage container deleted for host ab468008-d110-4470-8465-8828f0a4ad66
2026-07-26T15:06:17.726+05:30  INFO 29468 --- [neurovault-backend] [    Test worker] c.n.b.storage.service.StorageService     : Creating storage container for host 7b91052b-7e99-4bf9-8c39-5182686099e5 with size 1 GB (path=null)
]]></system-out>
  <system-err><![CDATA[]]></system-err>
</testsuite>
