<?xml version="1.0" encoding="UTF-8"?>
<testsuite name="com.neurovault.backend.scheduler.ClusterMaintenanceSchedulerTest" tests="2" skipped="0" failures="0" errors="0" timestamp="2026-07-26T11:27:14" hostname="ASHOK" time="0.051">
  <properties/>
  <testcase name="testCleanupTimedOutHosts_NoChangeForHealthyHost()" classname="com.neurovault.backend.scheduler.ClusterMaintenanceSchedulerTest" time="0.029"/>
  <testcase name="testCleanupTimedOutHosts_TransitionToOffline()" classname="com.neurovault.backend.scheduler.ClusterMaintenanceSchedulerTest" time="0.021"/>
  <system-out><![CDATA[2026-07-26T16:57:12.881+05:30  INFO 7872 --- [neurovault-backend] [    Test worker] t.c.s.AnnotationConfigContextLoaderUtils : Could not detect default configuration classes for test class [com.neurovault.backend.scheduler.ClusterMaintenanceSchedulerTest]: ClusterMaintenanceSchedulerTest does not declare any static, non-private, non-final, nested classes annotated with @Configuration.
2026-07-26T16:57:12.897+05:30  INFO 7872 --- [neurovault-backend] [    Test worker] .b.t.c.SpringBootTestContextBootstrapper : Found @SpringBootConfiguration com.neurovault.backend.BackendApplication for test class com.neurovault.backend.scheduler.ClusterMaintenanceSchedulerTest

  .   ____          _            __ _ _
 /\\ / ___'_ __ _ _(_)_ __  __ _ \ \ \ \
( ( )\___ | '_ | '_| | '_ \/ _` | \ \ \ \
 \\/  ___)| |_)| | | | | || (_| |  ) ) ) )
  '  |____| .__|_| |_|_| |_\__, | / / / /
 =========|_|==============|___/=/_/_/_/

 :: Spring Boot ::                (v3.3.1)

2026-07-26T16:57:12.934+05:30  INFO 7872 --- [neurovault-backend] [    Test worker] c.n.b.s.ClusterMaintenanceSchedulerTest  : Starting ClusterMaintenanceSchedulerTest using Java 21.0.11 with PID 7872 (started by ashok in D:\Project\micro server\backend)
2026-07-26T16:57:12.934+05:30 DEBUG 7872 --- [neurovault-backend] [    Test worker] c.n.b.s.ClusterMaintenanceSchedulerTest  : Running with Spring Boot v3.3.1, Spring v6.1.10
2026-07-26T16:57:12.935+05:30  INFO 7872 --- [neurovault-backend] [    Test worker] c.n.b.s.ClusterMaintenanceSchedulerTest  : The following 1 profile is active: "test"
2026-07-26T16:57:13.255+05:30  INFO 7872 --- [neurovault-backend] [    Test worker] .s.d.r.c.RepositoryConfigurationDelegate : Bootstrapping Spring Data JPA repositories in DEFAULT mode.
2026-07-26T16:57:13.320+05:30  INFO 7872 --- [neurovault-backend] [    Test worker] .s.d.r.c.RepositoryConfigurationDelegate : Finished Spring Data repository scanning in 64 ms. Found 10 JPA repository interfaces.
2026-07-26T16:57:13.462+05:30  INFO 7872 --- [neurovault-backend] [    Test worker] o.hibernate.jpa.internal.util.LogHelper  : HHH000204: Processing PersistenceUnitInfo [name: default]
2026-07-26T16:57:13.468+05:30  INFO 7872 --- [neurovault-backend] [    Test worker] o.h.c.internal.RegionFactoryInitiator    : HHH000026: Second-level cache disabled
2026-07-26T16:57:13.495+05:30  INFO 7872 --- [neurovault-backend] [    Test worker] o.s.o.j.p.SpringPersistenceUnitInfo      : No LoadTimeWeaver setup: ignoring JPA class transformer
2026-07-26T16:57:13.496+05:30  INFO 7872 --- [neurovault-backend] [    Test worker] com.zaxxer.hikari.HikariDataSource       : HikariPool-13 - Starting...
2026-07-26T16:57:13.502+05:30  INFO 7872 --- [neurovault-backend] [    Test worker] com.zaxxer.hikari.pool.HikariPool        : HikariPool-13 - Added connection conn120: url=jdbc:h2:mem:testdb_scheduler user=SA
2026-07-26T16:57:13.502+05:30  INFO 7872 --- [neurovault-backend] [    Test worker] com.zaxxer.hikari.HikariDataSource       : HikariPool-13 - Start completed.
2026-07-26T16:57:13.503+05:30  WARN 7872 --- [neurovault-backend] [    Test worker] org.hibernate.orm.deprecation            : HHH90000025: H2Dialect does not need to be specified explicitly using 'hibernate.dialect' (remove the property setting and it will be selected by default)
2026-07-26T16:57:13.809+05:30  INFO 7872 --- [neurovault-backend] [    Test worker] o.h.e.t.j.p.i.JtaPlatformInitiator       : HHH000489: No JTA platform available (set 'hibernate.transaction.jta.platform' to enable JTA platform integration)
2026-07-26T16:57:13.842+05:30  INFO 7872 --- [neurovault-backend] [    Test worker] j.LocalContainerEntityManagerFactoryBean : Initialized JPA EntityManagerFactory for persistence unit 'default'
2026-07-26T16:57:13.903+05:30  INFO 7872 --- [neurovault-backend] [    Test worker] eAuthenticationProviderManagerConfigurer : Global AuthenticationManager configured with AuthenticationProvider bean with name authenticationProvider
2026-07-26T16:57:13.904+05:30  WARN 7872 --- [neurovault-backend] [    Test worker] r$InitializeUserDetailsManagerConfigurer : Global AuthenticationManager configured with an AuthenticationProvider bean. UserDetailsService beans will not be used for username/password login. Consider removing the AuthenticationProvider bean. Alternatively, consider using the UserDetailsService in a manually instantiated DaoAuthenticationProvider.
2026-07-26T16:57:14.080+05:30  WARN 7872 --- [neurovault-backend] [    Test worker] JpaBaseConfiguration$JpaWebConfiguration : spring.jpa.open-in-view is enabled by default. Therefore, database queries may be performed during view rendering. Explicitly configure spring.jpa.open-in-view to disable this warning
2026-07-26T16:57:14.291+05:30 DEBUG 7872 --- [neurovault-backend] [   scheduling-1] c.n.b.host.scheduler.HeartbeatScheduler  : Running stale host detection check...
2026-07-26T16:57:14.292+05:30  INFO 7872 --- [neurovault-backend] [    Test worker] c.n.b.s.ClusterMaintenanceSchedulerTest  : Started ClusterMaintenanceSchedulerTest in 1.389 seconds (process running for 51.709)
2026-07-26T16:57:14.299+05:30 DEBUG 7872 --- [neurovault-backend] [   scheduling-1] c.n.b.host.scheduler.HeartbeatScheduler  : No ONLINE hosts to check
2026-07-26T16:57:14.299+05:30  INFO 7872 --- [neurovault-backend] [   scheduling-1] c.n.b.s.ClusterMaintenanceScheduler      : Starting scheduled cluster maintenance cycle...
2026-07-26T16:57:14.299+05:30 DEBUG 7872 --- [neurovault-backend] [   scheduling-1] c.n.b.s.ClusterMaintenanceScheduler      : Checking for timed-out host heartbeats...
2026-07-26T16:57:14.302+05:30 DEBUG 7872 --- [neurovault-backend] [   scheduling-1] c.n.b.m.service.FailureDetectionService  : Running failure detection scan...
2026-07-26T16:57:14.305+05:30  INFO 7872 --- [neurovault-backend] [   scheduling-1] c.n.b.m.service.ClusterHealthMonitor     : Cluster health scan: 0/0 hosts healthy
2026-07-26T16:57:14.305+05:30  INFO 7872 --- [neurovault-backend] [   scheduling-1] c.n.b.m.service.FailureDetectionService  : Failure detection complete: 0 new events published
2026-07-26T16:57:14.305+05:30 DEBUG 7872 --- [neurovault-backend] [   scheduling-1] c.n.b.m.service.FailureDetectionService  : Scanning for failed replicas...
2026-07-26T16:57:14.311+05:30  INFO 7872 --- [neurovault-backend] [   scheduling-1] c.n.b.m.service.FailureDetectionService  : Replica failure scan complete: 0 issues found
2026-07-26T16:57:14.312+05:30  INFO 7872 --- [neurovault-backend] [   scheduling-1] c.n.b.r.service.SelfHealingService       : ═══ Starting self-healing cycle ═══
2026-07-26T16:57:14.312+05:30 DEBUG 7872 --- [neurovault-backend] [    Test worker] c.n.b.s.ClusterMaintenanceScheduler      : Checking for timed-out host heartbeats...
2026-07-26T16:57:14.314+05:30  INFO 7872 --- [neurovault-backend] [   scheduling-1] c.n.b.r.service.ReplicationService       : Found 0 under-replicated chunks
2026-07-26T16:57:14.314+05:30  INFO 7872 --- [neurovault-backend] [   scheduling-1] c.n.b.r.service.SelfHealingService       : All chunks are fully replicated — no repairs needed
2026-07-26T16:57:14.317+05:30 DEBUG 7872 --- [neurovault-backend] [   scheduling-1] c.n.b.m.service.ClusterAnalyticsService  : Computing cluster statistics...
2026-07-26T16:57:14.328+05:30  INFO 7872 --- [neurovault-backend] [   scheduling-1] c.n.b.m.service.ClusterAnalyticsService  : Cluster stats: hosts=0/0 online, files=0, chunks=0, replicas=0/0 active, avg-rf={:.2f}, utilization={:.1f}%
2026-07-26T16:57:14.328+05:30  INFO 7872 --- [neurovault-backend] [   scheduling-1] c.n.b.s.ClusterMaintenanceScheduler      : Scheduled cluster maintenance cycle completed successfully.
2026-07-26T16:57:14.338+05:30 DEBUG 7872 --- [neurovault-backend] [    Test worker] c.n.b.s.ClusterMaintenanceScheduler      : Checking for timed-out host heartbeats...
2026-07-26T16:57:14.343+05:30  WARN 7872 --- [neurovault-backend] [    Test worker] c.n.b.s.ClusterMaintenanceScheduler      : Host StaleHost (ID: 134808a0-5a3b-4ceb-9aad-e6023572f649) heartbeat has timed out. Marking status as OFFLINE.
2026-07-26T16:57:14.344+05:30  INFO 7872 --- [neurovault-backend] [    Test worker] c.n.b.s.ClusterMaintenanceScheduler      : Marked 1 hosts OFFLINE due to heartbeat timeouts.
]]></system-out>
  <system-err><![CDATA[]]></system-err>
</testsuite>
