<?xml version="1.0" encoding="UTF-8"?>
<testsuite name="com.neurovault.backend.storage.container.ContainerManagerTest" tests="14" skipped="0" failures="0" errors="0" timestamp="2026-07-26T08:22:17" hostname="ASHOK" time="0.137">
  <properties/>
  <testcase name="headerPersistence_shouldSurviveCloseAndReopen()" classname="com.neurovault.backend.storage.container.ContainerManagerTest" time="0.026"/>
  <testcase name="acquireAndReleaseLock_shouldWork()" classname="com.neurovault.backend.storage.container.ContainerManagerTest" time="0.013"/>
  <testcase name="deleteContainer_shouldRemoveFile()" classname="com.neurovault.backend.storage.container.ContainerManagerTest" time="0.008"/>
  <testcase name="operations_shouldFailWhenNotOpen()" classname="com.neurovault.backend.storage.container.ContainerManagerTest" time="0.003"/>
  <testcase name="readWriteAtOffset_shouldHandleLargeData()" classname="com.neurovault.backend.storage.container.ContainerManagerTest" time="0.01"/>
  <testcase name="verifyIntegrity_shouldPassForValidContainer()" classname="com.neurovault.backend.storage.container.ContainerManagerTest" time="0.008"/>
  <testcase name="closeContainer_shouldCloseFileChannel()" classname="com.neurovault.backend.storage.container.ContainerManagerTest" time="0.008"/>
  <testcase name="createContainer_shouldFailIfAlreadyExists()" classname="com.neurovault.backend.storage.container.ContainerManagerTest" time="0.008"/>
  <testcase name="openContainer_shouldReadExistingHeader()" classname="com.neurovault.backend.storage.container.ContainerManagerTest" time="0.008"/>
  <testcase name="readWriteAtOffset_shouldRoundTrip()" classname="com.neurovault.backend.storage.container.ContainerManagerTest" time="0.007"/>
  <testcase name="resizeContainer_shouldExpandSize()" classname="com.neurovault.backend.storage.container.ContainerManagerTest" time="0.011"/>
  <testcase name="resizeContainer_shouldRejectShrinking()" classname="com.neurovault.backend.storage.container.ContainerManagerTest" time="0.01"/>
  <testcase name="openContainer_shouldFailIfNotExists()" classname="com.neurovault.backend.storage.container.ContainerManagerTest" time="0.004"/>
  <testcase name="createContainer_shouldCreateFileWithCorrectSize()" classname="com.neurovault.backend.storage.container.ContainerManagerTest" time="0.007"/>
  <system-out><![CDATA[2026-07-26T13:52:17.890+05:30  INFO 16592 --- [neurovault-backend] [    Test worker] c.n.b.s.container.ContainerManager       : Creating container at C:\Users\ashok\AppData\Local\Temp\junit10392183953994146859\test-host\storage.container with size 2097152 bytes
2026-07-26T13:52:17.897+05:30  INFO 16592 --- [neurovault-backend] [    Test worker] c.n.b.s.container.ContainerManager       : Container created successfully: C:\Users\ashok\AppData\Local\Temp\junit10392183953994146859\test-host\storage.container (2097152 bytes locked on disk)
2026-07-26T13:52:17.897+05:30  INFO 16592 --- [neurovault-backend] [    Test worker] c.n.b.s.container.ContainerManager       : Closing container
2026-07-26T13:52:17.898+05:30  INFO 16592 --- [neurovault-backend] [    Test worker] c.n.b.s.container.ContainerManager       : Opening container at C:\Users\ashok\AppData\Local\Temp\junit10392183953994146859\test-host\storage.container
2026-07-26T13:52:17.899+05:30  INFO 16592 --- [neurovault-backend] [    Test worker] c.n.b.s.container.ContainerManager       : Container opened: C:\Users\ashok\AppData\Local\Temp\junit10392183953994146859\test-host\storage.container (size=2097152, chunks=5, used=1024)
2026-07-26T13:52:17.901+05:30  INFO 16592 --- [neurovault-backend] [    Test worker] c.n.b.s.container.ContainerManager       : Closing container
2026-07-26T13:52:17.913+05:30  INFO 16592 --- [neurovault-backend] [    Test worker] c.n.b.s.container.ContainerManager       : Creating container at C:\Users\ashok\AppData\Local\Temp\junit14844974033478369362\test-host\storage.container with size 1048576 bytes
2026-07-26T13:52:17.917+05:30  INFO 16592 --- [neurovault-backend] [    Test worker] c.n.b.s.container.ContainerManager       : Container created successfully: C:\Users\ashok\AppData\Local\Temp\junit14844974033478369362\test-host\storage.container (1048576 bytes locked on disk)
2026-07-26T13:52:17.921+05:30 DEBUG 16592 --- [neurovault-backend] [    Test worker] c.n.b.s.container.ContainerManager       : Container lock acquired
2026-07-26T13:52:17.922+05:30 DEBUG 16592 --- [neurovault-backend] [    Test worker] c.n.b.s.container.ContainerManager       : Container lock released
2026-07-26T13:52:17.922+05:30  INFO 16592 --- [neurovault-backend] [    Test worker] c.n.b.s.container.ContainerManager       : Closing container
2026-07-26T13:52:17.926+05:30  INFO 16592 --- [neurovault-backend] [    Test worker] c.n.b.s.container.ContainerManager       : Creating container at C:\Users\ashok\AppData\Local\Temp\junit15842884581874777192\test-host\storage.container with size 1048576 bytes
2026-07-26T13:52:17.929+05:30  INFO 16592 --- [neurovault-backend] [    Test worker] c.n.b.s.container.ContainerManager       : Container created successfully: C:\Users\ashok\AppData\Local\Temp\junit15842884581874777192\test-host\storage.container (1048576 bytes locked on disk)
2026-07-26T13:52:17.929+05:30  INFO 16592 --- [neurovault-backend] [    Test worker] c.n.b.s.container.ContainerManager       : Deleting container at C:\Users\ashok\AppData\Local\Temp\junit15842884581874777192\test-host\storage.container
2026-07-26T13:52:17.930+05:30  INFO 16592 --- [neurovault-backend] [    Test worker] c.n.b.s.container.ContainerManager       : Container deleted: C:\Users\ashok\AppData\Local\Temp\junit15842884581874777192\test-host\storage.container
2026-07-26T13:52:17.938+05:30  INFO 16592 --- [neurovault-backend] [    Test worker] c.n.b.s.container.ContainerManager       : Creating container at C:\Users\ashok\AppData\Local\Temp\junit7467797978244279916\test-host\storage.container with size 2097152 bytes
2026-07-26T13:52:17.942+05:30  INFO 16592 --- [neurovault-backend] [    Test worker] c.n.b.s.container.ContainerManager       : Container created successfully: C:\Users\ashok\AppData\Local\Temp\junit7467797978244279916\test-host\storage.container (2097152 bytes locked on disk)
2026-07-26T13:52:17.943+05:30  INFO 16592 --- [neurovault-backend] [    Test worker] c.n.b.s.container.ContainerManager       : Closing container
2026-07-26T13:52:17.948+05:30  INFO 16592 --- [neurovault-backend] [    Test worker] c.n.b.s.container.ContainerManager       : Creating container at C:\Users\ashok\AppData\Local\Temp\junit17394132919973192256\test-host\storage.container with size 1048576 bytes
2026-07-26T13:52:17.951+05:30  INFO 16592 --- [neurovault-backend] [    Test worker] c.n.b.s.container.ContainerManager       : Container created successfully: C:\Users\ashok\AppData\Local\Temp\junit17394132919973192256\test-host\storage.container (1048576 bytes locked on disk)
2026-07-26T13:52:17.952+05:30  INFO 16592 --- [neurovault-backend] [    Test worker] c.n.b.s.container.ContainerManager       : Closing container
2026-07-26T13:52:17.956+05:30  INFO 16592 --- [neurovault-backend] [    Test worker] c.n.b.s.container.ContainerManager       : Creating container at C:\Users\ashok\AppData\Local\Temp\junit17188169142829275430\test-host\storage.container with size 1048576 bytes
2026-07-26T13:52:17.960+05:30  INFO 16592 --- [neurovault-backend] [    Test worker] c.n.b.s.container.ContainerManager       : Container created successfully: C:\Users\ashok\AppData\Local\Temp\junit17188169142829275430\test-host\storage.container (1048576 bytes locked on disk)
2026-07-26T13:52:17.960+05:30  INFO 16592 --- [neurovault-backend] [    Test worker] c.n.b.s.container.ContainerManager       : Closing container
2026-07-26T13:52:17.964+05:30  INFO 16592 --- [neurovault-backend] [    Test worker] c.n.b.s.container.ContainerManager       : Creating container at C:\Users\ashok\AppData\Local\Temp\junit700611990503520569\test-host\storage.container with size 1048576 bytes
2026-07-26T13:52:17.967+05:30  INFO 16592 --- [neurovault-backend] [    Test worker] c.n.b.s.container.ContainerManager       : Container created successfully: C:\Users\ashok\AppData\Local\Temp\junit700611990503520569\test-host\storage.container (1048576 bytes locked on disk)
2026-07-26T13:52:17.967+05:30  INFO 16592 --- [neurovault-backend] [    Test worker] c.n.b.s.container.ContainerManager       : Closing container
2026-07-26T13:52:17.968+05:30  INFO 16592 --- [neurovault-backend] [    Test worker] c.n.b.s.container.ContainerManager       : Creating container at C:\Users\ashok\AppData\Local\Temp\junit700611990503520569\test-host\storage.container with size 1048576 bytes
2026-07-26T13:52:17.973+05:30  INFO 16592 --- [neurovault-backend] [    Test worker] c.n.b.s.container.ContainerManager       : Creating container at C:\Users\ashok\AppData\Local\Temp\junit660868595078057784\test-host\storage.container with size 5242880 bytes
2026-07-26T13:52:17.975+05:30  INFO 16592 --- [neurovault-backend] [    Test worker] c.n.b.s.container.ContainerManager       : Container created successfully: C:\Users\ashok\AppData\Local\Temp\junit660868595078057784\test-host\storage.container (5242880 bytes locked on disk)
2026-07-26T13:52:17.975+05:30  INFO 16592 --- [neurovault-backend] [    Test worker] c.n.b.s.container.ContainerManager       : Closing container
2026-07-26T13:52:17.976+05:30  INFO 16592 --- [neurovault-backend] [    Test worker] c.n.b.s.container.ContainerManager       : Opening container at C:\Users\ashok\AppData\Local\Temp\junit660868595078057784\test-host\storage.container
2026-07-26T13:52:17.976+05:30  INFO 16592 --- [neurovault-backend] [    Test worker] c.n.b.s.container.ContainerManager       : Container opened: C:\Users\ashok\AppData\Local\Temp\junit660868595078057784\test-host\storage.container (size=5242880, chunks=0, used=0)
2026-07-26T13:52:17.976+05:30  INFO 16592 --- [neurovault-backend] [    Test worker] c.n.b.s.container.ContainerManager       : Closing container
2026-07-26T13:52:17.980+05:30  INFO 16592 --- [neurovault-backend] [    Test worker] c.n.b.s.container.ContainerManager       : Creating container at C:\Users\ashok\AppData\Local\Temp\junit17221399677104139512\test-host\storage.container with size 1048576 bytes
2026-07-26T13:52:17.983+05:30  INFO 16592 --- [neurovault-backend] [    Test worker] c.n.b.s.container.ContainerManager       : Container created successfully: C:\Users\ashok\AppData\Local\Temp\junit17221399677104139512\test-host\storage.container (1048576 bytes locked on disk)
2026-07-26T13:52:17.984+05:30  INFO 16592 --- [neurovault-backend] [    Test worker] c.n.b.s.container.ContainerManager       : Closing container
2026-07-26T13:52:17.988+05:30  INFO 16592 --- [neurovault-backend] [    Test worker] c.n.b.s.container.ContainerManager       : Creating container at C:\Users\ashok\AppData\Local\Temp\junit1841660263567484074\test-host\storage.container with size 1048576 bytes
2026-07-26T13:52:17.991+05:30  INFO 16592 --- [neurovault-backend] [    Test worker] c.n.b.s.container.ContainerManager       : Container created successfully: C:\Users\ashok\AppData\Local\Temp\junit1841660263567484074\test-host\storage.container (1048576 bytes locked on disk)
2026-07-26T13:52:17.991+05:30  INFO 16592 --- [neurovault-backend] [    Test worker] c.n.b.s.container.ContainerManager       : Resizing container from 1048576 to 5242880 bytes
2026-07-26T13:52:17.996+05:30  INFO 16592 --- [neurovault-backend] [    Test worker] c.n.b.s.container.ContainerManager       : Container resized to 5242880 bytes
2026-07-26T13:52:17.996+05:30  INFO 16592 --- [neurovault-backend] [    Test worker] c.n.b.s.container.ContainerManager       : Closing container
2026-07-26T13:52:18.001+05:30  INFO 16592 --- [neurovault-backend] [    Test worker] c.n.b.s.container.ContainerManager       : Creating container at C:\Users\ashok\AppData\Local\Temp\junit16080045835175597696\test-host\storage.container with size 5242880 bytes
2026-07-26T13:52:18.003+05:30  INFO 16592 --- [neurovault-backend] [    Test worker] c.n.b.s.container.ContainerManager       : Container created successfully: C:\Users\ashok\AppData\Local\Temp\junit16080045835175597696\test-host\storage.container (5242880 bytes locked on disk)
2026-07-26T13:52:18.005+05:30  INFO 16592 --- [neurovault-backend] [    Test worker] c.n.b.s.container.ContainerManager       : Closing container
2026-07-26T13:52:18.012+05:30  INFO 16592 --- [neurovault-backend] [    Test worker] c.n.b.s.container.ContainerManager       : Opening container at C:\Users\ashok\AppData\Local\Temp\junit14195227221828971840\nonexistent.container
2026-07-26T13:52:18.016+05:30  INFO 16592 --- [neurovault-backend] [    Test worker] c.n.b.s.container.ContainerManager       : Creating container at C:\Users\ashok\AppData\Local\Temp\junit2846967511107361804\test-host\storage.container with size 10485760 bytes
2026-07-26T13:52:18.019+05:30  INFO 16592 --- [neurovault-backend] [    Test worker] c.n.b.s.container.ContainerManager       : Container created successfully: C:\Users\ashok\AppData\Local\Temp\junit2846967511107361804\test-host\storage.container (10485760 bytes locked on disk)
2026-07-26T13:52:18.019+05:30  INFO 16592 --- [neurovault-backend] [    Test worker] c.n.b.s.container.ContainerManager       : Closing container
]]></system-out>
  <system-err><![CDATA[]]></system-err>
</testsuite>
