<?xml version="1.0" encoding="UTF-8"?>
<testsuite name="com.neurovault.backend.replication.controller.ClusterControllerTest" tests="5" skipped="0" failures="0" errors="0" timestamp="2026-09-02T09:37:26.779Z" hostname="LAPTOP-32IT9DET" time="1.863">
  <properties/>
  <testcase name="testGetReplicaInfo_Success()" classname="com.neurovault.backend.replication.controller.ClusterControllerTest" time="0.042"/>
  <testcase name="testGetClusterStatus_Success()" classname="com.neurovault.backend.replication.controller.ClusterControllerTest" time="0.02"/>
  <testcase name="testGetAllHosts_Success()" classname="com.neurovault.backend.replication.controller.ClusterControllerTest" time="0.021"/>
  <testcase name="testGetClusterHealth_Success()" classname="com.neurovault.backend.replication.controller.ClusterControllerTest" time="0.014"/>
  <testcase name="testTriggerManualRepair_Success()" classname="com.neurovault.backend.replication.controller.ClusterControllerTest" time="0.011"/>
  <system-out><![CDATA[2026-09-02T15:07:26.784+05:30  INFO 30068 --- [neurovault-backend] [    Test worker] t.c.s.AnnotationConfigContextLoaderUtils : Could not detect default configuration classes for test class [com.neurovault.backend.replication.controller.ClusterControllerTest]: ClusterControllerTest does not declare any static, non-private, non-final, nested classes annotated with @Configuration.
2026-09-02T15:07:26.796+05:30  INFO 30068 --- [neurovault-backend] [    Test worker] .b.t.c.SpringBootTestContextBootstrapper : Found @SpringBootConfiguration com.neurovault.backend.BackendApplication for test class com.neurovault.backend.replication.controller.ClusterControllerTest

  .   ____          _            __ _ _
 /\\ / ___'_ __ _ _(_)_ __  __ _ \ \ \ \
( ( )\___ | '_ | '_| | '_ \/ _` | \ \ \ \
 \\/  ___)| |_)| | | | | || (_| |  ) ) ) )
  '  |____| .__|_| |_|_| |_\__, | / / / /
 =========|_|==============|___/=/_/_/_/

 :: Spring Boot ::                (v3.3.1)

2026-09-02T15:07:26.821+05:30  INFO 30068 --- [neurovault-backend] [    Test worker] c.n.b.r.c.ClusterControllerTest          : Starting ClusterControllerTest using Java 21.0.12.1 with PID 30068 (started by Arun Madav R in D:\Projects\Neurovault-main\backend)
2026-09-02T15:07:26.821+05:30 DEBUG 30068 --- [neurovault-backend] [    Test worker] c.n.b.r.c.ClusterControllerTest          : Running with Spring Boot v3.3.1, Spring v6.1.10
2026-09-02T15:07:26.821+05:30  INFO 30068 --- [neurovault-backend] [    Test worker] c.n.b.r.c.ClusterControllerTest          : The following 1 profile is active: "test"
2026-09-02T15:07:27.013+05:30  INFO 30068 --- [neurovault-backend] [    Test worker] .s.d.r.c.RepositoryConfigurationDelegate : Bootstrapping Spring Data JPA repositories in DEFAULT mode.
2026-09-02T15:07:27.030+05:30  INFO 30068 --- [neurovault-backend] [    Test worker] .s.d.r.c.RepositoryConfigurationDelegate : Finished Spring Data repository scanning in 16 ms. Found 10 JPA repository interfaces.
2026-09-02T15:07:27.460+05:30  INFO 30068 --- [neurovault-backend] [    Test worker] o.hibernate.jpa.internal.util.LogHelper  : HHH000204: Processing PersistenceUnitInfo [name: default]
2026-09-02T15:07:27.465+05:30  INFO 30068 --- [neurovault-backend] [    Test worker] o.h.c.internal.RegionFactoryInitiator    : HHH000026: Second-level cache disabled
2026-09-02T15:07:27.491+05:30  INFO 30068 --- [neurovault-backend] [    Test worker] o.s.o.j.p.SpringPersistenceUnitInfo      : No LoadTimeWeaver setup: ignoring JPA class transformer
2026-09-02T15:07:27.497+05:30  INFO 30068 --- [neurovault-backend] [    Test worker] com.zaxxer.hikari.HikariDataSource       : HikariPool-8 - Starting...
2026-09-02T15:07:27.502+05:30  INFO 30068 --- [neurovault-backend] [    Test worker] com.zaxxer.hikari.pool.HikariPool        : HikariPool-8 - Added connection conn70: url=jdbc:h2:mem:testdb_controller user=SA
2026-09-02T15:07:27.503+05:30  INFO 30068 --- [neurovault-backend] [    Test worker] com.zaxxer.hikari.HikariDataSource       : HikariPool-8 - Start completed.
2026-09-02T15:07:27.505+05:30  WARN 30068 --- [neurovault-backend] [    Test worker] org.hibernate.orm.deprecation            : HHH90000025: H2Dialect does not need to be specified explicitly using 'hibernate.dialect' (remove the property setting and it will be selected by default)
2026-09-02T15:07:27.797+05:30  INFO 30068 --- [neurovault-backend] [    Test worker] o.h.e.t.j.p.i.JtaPlatformInitiator       : HHH000489: No JTA platform available (set 'hibernate.transaction.jta.platform' to enable JTA platform integration)
2026-09-02T15:07:27.819+05:30  INFO 30068 --- [neurovault-backend] [    Test worker] j.LocalContainerEntityManagerFactoryBean : Initialized JPA EntityManagerFactory for persistence unit 'default'
2026-09-02T15:07:27.911+05:30  INFO 30068 --- [neurovault-backend] [    Test worker] eAuthenticationProviderManagerConfigurer : Global AuthenticationManager configured with AuthenticationProvider bean with name authenticationProvider
2026-09-02T15:07:27.912+05:30  WARN 30068 --- [neurovault-backend] [    Test worker] r$InitializeUserDetailsManagerConfigurer : Global AuthenticationManager configured with an AuthenticationProvider bean. UserDetailsService beans will not be used for username/password login. Consider removing the AuthenticationProvider bean. Alternatively, consider using the UserDetailsService in a manually instantiated DaoAuthenticationProvider.
2026-09-02T15:07:28.146+05:30  WARN 30068 --- [neurovault-backend] [    Test worker] JpaBaseConfiguration$JpaWebConfiguration : spring.jpa.open-in-view is enabled by default. Therefore, database queries may be performed during view rendering. Explicitly configure spring.jpa.open-in-view to disable this warning
2026-09-02T15:07:28.491+05:30 DEBUG 30068 --- [neurovault-backend] [    Test worker] c.n.b.security.JwtAuthenticationFilter   : Filter 'jwtAuthenticationFilter' configured for use
2026-09-02T15:07:28.492+05:30  INFO 30068 --- [neurovault-backend] [    Test worker] o.s.b.t.m.w.SpringBootMockServletContext : Initializing Spring TestDispatcherServlet ''
2026-09-02T15:07:28.492+05:30  INFO 30068 --- [neurovault-backend] [    Test worker] o.s.t.web.servlet.TestDispatcherServlet  : Initializing Servlet ''
2026-09-02T15:07:28.493+05:30  INFO 30068 --- [neurovault-backend] [    Test worker] o.s.t.web.servlet.TestDispatcherServlet  : Completed initialization in 1 ms
2026-09-02T15:07:28.508+05:30 DEBUG 30068 --- [neurovault-backend] [   scheduling-1] c.n.b.host.scheduler.HeartbeatScheduler  : Running stale host detection check...
2026-09-02T15:07:28.509+05:30  INFO 30068 --- [neurovault-backend] [    Test worker] c.n.b.r.c.ClusterControllerTest          : Started ClusterControllerTest in 1.71 seconds (process running for 22.44)
2026-09-02T15:07:28.510+05:30 DEBUG 30068 --- [neurovault-backend] [   scheduling-1] c.n.b.host.scheduler.HeartbeatScheduler  : No ONLINE hosts to check
2026-09-02T15:07:28.513+05:30  INFO 30068 --- [neurovault-backend] [   scheduling-1] c.n.b.s.ClusterMaintenanceScheduler      : Starting scheduled cluster maintenance cycle...
2026-09-02T15:07:28.513+05:30 DEBUG 30068 --- [neurovault-backend] [   scheduling-1] c.n.b.s.ClusterMaintenanceScheduler      : Checking for timed-out host heartbeats...
2026-09-02T15:07:28.513+05:30 DEBUG 30068 --- [neurovault-backend] [   scheduling-1] c.n.b.m.service.FailureDetectionService  : Running failure detection scan...
2026-09-02T15:07:28.519+05:30  INFO 30068 --- [neurovault-backend] [   scheduling-1] c.n.b.m.service.FailureDetectionService  : Failure detection complete: 0 new events published
2026-09-02T15:07:28.519+05:30 DEBUG 30068 --- [neurovault-backend] [   scheduling-1] c.n.b.m.service.FailureDetectionService  : Scanning for failed replicas...
2026-09-02T15:07:28.527+05:30  INFO 30068 --- [neurovault-backend] [   scheduling-1] c.n.b.m.service.FailureDetectionService  : Replica failure scan complete: 0 issues found
2026-09-02T15:07:28.529+05:30  INFO 30068 --- [neurovault-backend] [   scheduling-1] c.n.b.s.ClusterMaintenanceScheduler      : Scheduled cluster maintenance cycle completed successfully.
2026-09-02T15:07:28.555+05:30  INFO 30068 --- [neurovault-backend] [    Test worker] c.n.b.r.controller.ClusterController     : REST Request to get all replica information
2026-09-02T15:07:28.574+05:30  INFO 30068 --- [neurovault-backend] [    Test worker] c.n.b.r.controller.ClusterController     : REST Request to get cluster summary status
2026-09-02T15:07:28.597+05:30  INFO 30068 --- [neurovault-backend] [    Test worker] c.n.b.r.controller.ClusterController     : REST Request to get all host status listings
2026-09-02T15:07:28.620+05:30  INFO 30068 --- [neurovault-backend] [    Test worker] c.n.b.r.controller.ClusterController     : REST Request to evaluate overall cluster health
2026-09-02T15:07:28.635+05:30  INFO 30068 --- [neurovault-backend] [    Test worker] c.n.b.r.controller.ClusterController     : REST Request to manually trigger cluster repair
]]></system-out>
  <system-err><![CDATA[]]></system-err>
</testsuite>
