<?xml version="1.0" encoding="UTF-8"?>
<testsuite name="com.neurovault.backend.monitor.service.ClusterHealthMonitorTest" tests="5" skipped="0" failures="0" errors="0" timestamp="2026-07-26T11:26:59" hostname="ASHOK" time="0.302">
  <properties/>
  <testcase name="testEvaluateHostHealth_LowStorage()" classname="com.neurovault.backend.monitor.service.ClusterHealthMonitorTest" time="0.055"/>
  <testcase name="testGetOverallClusterHealth_StateCascade()" classname="com.neurovault.backend.monitor.service.ClusterHealthMonitorTest" time="0.117"/>
  <testcase name="testEvaluateHostHealth_ContainerCorrupted()" classname="com.neurovault.backend.monitor.service.ClusterHealthMonitorTest" time="0.043"/>
  <testcase name="testEvaluateHostHealth_Healthy()" classname="com.neurovault.backend.monitor.service.ClusterHealthMonitorTest" time="0.052"/>
  <testcase name="testEvaluateHostHealth_HeartbeatTimeout()" classname="com.neurovault.backend.monitor.service.ClusterHealthMonitorTest" time="0.024"/>
  <system-out><![CDATA[2026-07-26T16:56:57.833+05:30  INFO 7872 --- [neurovault-backend] [    Test worker] t.c.s.AnnotationConfigContextLoaderUtils : Could not detect default configuration classes for test class [com.neurovault.backend.monitor.service.ClusterHealthMonitorTest]: ClusterHealthMonitorTest does not declare any static, non-private, non-final, nested classes annotated with @Configuration.
2026-07-26T16:56:57.836+05:30  INFO 7872 --- [neurovault-backend] [    Test worker] .b.t.c.SpringBootTestContextBootstrapper : Found @SpringBootConfiguration com.neurovault.backend.BackendApplication for test class com.neurovault.backend.monitor.service.ClusterHealthMonitorTest

  .   ____          _            __ _ _
 /\\ / ___'_ __ _ _(_)_ __  __ _ \ \ \ \
( ( )\___ | '_ | '_| | '_ \/ _` | \ \ \ \
 \\/  ___)| |_)| | | | | || (_| |  ) ) ) )
  '  |____| .__|_| |_|_| |_\__, | / / / /
 =========|_|==============|___/=/_/_/_/

 :: Spring Boot ::                (v3.3.1)

2026-07-26T16:56:57.892+05:30  INFO 7872 --- [neurovault-backend] [    Test worker] c.n.b.m.s.ClusterHealthMonitorTest       : Starting ClusterHealthMonitorTest using Java 21.0.11 with PID 7872 (started by ashok in D:\Project\micro server\backend)
2026-07-26T16:56:57.894+05:30 DEBUG 7872 --- [neurovault-backend] [    Test worker] c.n.b.m.s.ClusterHealthMonitorTest       : Running with Spring Boot v3.3.1, Spring v6.1.10
2026-07-26T16:56:57.895+05:30  INFO 7872 --- [neurovault-backend] [    Test worker] c.n.b.m.s.ClusterHealthMonitorTest       : The following 1 profile is active: "test"
2026-07-26T16:56:58.415+05:30  INFO 7872 --- [neurovault-backend] [    Test worker] .s.d.r.c.RepositoryConfigurationDelegate : Bootstrapping Spring Data JPA repositories in DEFAULT mode.
2026-07-26T16:56:58.477+05:30  INFO 7872 --- [neurovault-backend] [    Test worker] .s.d.r.c.RepositoryConfigurationDelegate : Finished Spring Data repository scanning in 61 ms. Found 10 JPA repository interfaces.
2026-07-26T16:56:58.713+05:30  INFO 7872 --- [neurovault-backend] [    Test worker] o.hibernate.jpa.internal.util.LogHelper  : HHH000204: Processing PersistenceUnitInfo [name: default]
2026-07-26T16:56:58.720+05:30  INFO 7872 --- [neurovault-backend] [    Test worker] o.h.c.internal.RegionFactoryInitiator    : HHH000026: Second-level cache disabled
2026-07-26T16:56:58.747+05:30  INFO 7872 --- [neurovault-backend] [    Test worker] o.s.o.j.p.SpringPersistenceUnitInfo      : No LoadTimeWeaver setup: ignoring JPA class transformer
2026-07-26T16:56:58.749+05:30  INFO 7872 --- [neurovault-backend] [    Test worker] com.zaxxer.hikari.HikariDataSource       : HikariPool-6 - Starting...
2026-07-26T16:56:58.754+05:30  INFO 7872 --- [neurovault-backend] [    Test worker] com.zaxxer.hikari.pool.HikariPool        : HikariPool-6 - Added connection conn50: url=jdbc:h2:mem:testdb_monitor user=SA
2026-07-26T16:56:58.754+05:30  INFO 7872 --- [neurovault-backend] [    Test worker] com.zaxxer.hikari.HikariDataSource       : HikariPool-6 - Start completed.
2026-07-26T16:56:58.755+05:30  WARN 7872 --- [neurovault-backend] [    Test worker] org.hibernate.orm.deprecation            : HHH90000025: H2Dialect does not need to be specified explicitly using 'hibernate.dialect' (remove the property setting and it will be selected by default)
2026-07-26T16:56:59.102+05:30  INFO 7872 --- [neurovault-backend] [    Test worker] o.h.e.t.j.p.i.JtaPlatformInitiator       : HHH000489: No JTA platform available (set 'hibernate.transaction.jta.platform' to enable JTA platform integration)
2026-07-26T16:56:59.162+05:30  INFO 7872 --- [neurovault-backend] [    Test worker] j.LocalContainerEntityManagerFactoryBean : Initialized JPA EntityManagerFactory for persistence unit 'default'
2026-07-26T16:56:59.251+05:30  INFO 7872 --- [neurovault-backend] [    Test worker] eAuthenticationProviderManagerConfigurer : Global AuthenticationManager configured with AuthenticationProvider bean with name authenticationProvider
2026-07-26T16:56:59.252+05:30  WARN 7872 --- [neurovault-backend] [    Test worker] r$InitializeUserDetailsManagerConfigurer : Global AuthenticationManager configured with an AuthenticationProvider bean. UserDetailsService beans will not be used for username/password login. Consider removing the AuthenticationProvider bean. Alternatively, consider using the UserDetailsService in a manually instantiated DaoAuthenticationProvider.
2026-07-26T16:56:59.504+05:30  WARN 7872 --- [neurovault-backend] [    Test worker] JpaBaseConfiguration$JpaWebConfiguration : spring.jpa.open-in-view is enabled by default. Therefore, database queries may be performed during view rendering. Explicitly configure spring.jpa.open-in-view to disable this warning
2026-07-26T16:56:59.814+05:30 DEBUG 7872 --- [neurovault-backend] [   scheduling-1] c.n.b.host.scheduler.HeartbeatScheduler  : Running stale host detection check...
2026-07-26T16:56:59.816+05:30  INFO 7872 --- [neurovault-backend] [    Test worker] c.n.b.m.s.ClusterHealthMonitorTest       : Started ClusterHealthMonitorTest in 1.975 seconds (process running for 37.233)
2026-07-26T16:56:59.823+05:30 DEBUG 7872 --- [neurovault-backend] [   scheduling-1] c.n.b.host.scheduler.HeartbeatScheduler  : No ONLINE hosts to check
2026-07-26T16:56:59.824+05:30  INFO 7872 --- [neurovault-backend] [   scheduling-1] c.n.b.s.ClusterMaintenanceScheduler      : Starting scheduled cluster maintenance cycle...
2026-07-26T16:56:59.825+05:30 DEBUG 7872 --- [neurovault-backend] [   scheduling-1] c.n.b.s.ClusterMaintenanceScheduler      : Checking for timed-out host heartbeats...
2026-07-26T16:56:59.830+05:30 DEBUG 7872 --- [neurovault-backend] [   scheduling-1] c.n.b.m.service.FailureDetectionService  : Running failure detection scan...
2026-07-26T16:56:59.834+05:30  INFO 7872 --- [neurovault-backend] [   scheduling-1] c.n.b.m.service.ClusterHealthMonitor     : Cluster health scan: 0/0 hosts healthy
2026-07-26T16:56:59.835+05:30  INFO 7872 --- [neurovault-backend] [   scheduling-1] c.n.b.m.service.FailureDetectionService  : Failure detection complete: 0 new events published
2026-07-26T16:56:59.835+05:30 DEBUG 7872 --- [neurovault-backend] [   scheduling-1] c.n.b.m.service.FailureDetectionService  : Scanning for failed replicas...
2026-07-26T16:56:59.840+05:30  INFO 7872 --- [neurovault-backend] [   scheduling-1] c.n.b.m.service.FailureDetectionService  : Replica failure scan complete: 0 issues found
2026-07-26T16:56:59.841+05:30  INFO 7872 --- [neurovault-backend] [   scheduling-1] c.n.b.r.service.SelfHealingService       : ═══ Starting self-healing cycle ═══
2026-07-26T16:56:59.845+05:30  INFO 7872 --- [neurovault-backend] [   scheduling-1] c.n.b.r.service.ReplicationService       : Found 0 under-replicated chunks
2026-07-26T16:56:59.845+05:30  INFO 7872 --- [neurovault-backend] [   scheduling-1] c.n.b.r.service.SelfHealingService       : All chunks are fully replicated — no repairs needed
2026-07-26T16:56:59.848+05:30 DEBUG 7872 --- [neurovault-backend] [   scheduling-1] c.n.b.m.service.ClusterAnalyticsService  : Computing cluster statistics...
2026-07-26T16:56:59.860+05:30  INFO 7872 --- [neurovault-backend] [   scheduling-1] c.n.b.m.service.ClusterAnalyticsService  : Cluster stats: hosts=0/0 online, files=0, chunks=0, replicas=0/0 active, avg-rf={:.2f}, utilization={:.1f}%
2026-07-26T16:56:59.860+05:30  INFO 7872 --- [neurovault-backend] [   scheduling-1] c.n.b.s.ClusterMaintenanceScheduler      : Scheduled cluster maintenance cycle completed successfully.
2026-07-26T16:56:59.905+05:30  INFO 7872 --- [neurovault-backend] [    Test worker] c.n.b.m.service.ClusterHealthMonitor     : Cluster health scan: 0/0 hosts healthy
2026-07-26T16:56:59.910+05:30  INFO 7872 --- [neurovault-backend] [    Test worker] c.n.b.r.service.ReplicationService       : Found 0 under-replicated chunks
2026-07-26T16:56:59.952+05:30  INFO 7872 --- [neurovault-backend] [    Test worker] c.n.b.m.service.ClusterHealthMonitor     : Cluster health scan: 2/2 hosts healthy
2026-07-26T16:56:59.955+05:30  INFO 7872 --- [neurovault-backend] [    Test worker] c.n.b.r.service.ReplicationService       : Found 0 under-replicated chunks
2026-07-26T16:56:59.985+05:30  INFO 7872 --- [neurovault-backend] [    Test worker] c.n.b.m.service.ClusterHealthMonitor     : Cluster health scan: 1/2 hosts healthy
2026-07-26T16:56:59.991+05:30  INFO 7872 --- [neurovault-backend] [    Test worker] c.n.b.r.service.ReplicationService       : Found 0 under-replicated chunks
]]></system-out>
  <system-err><![CDATA[]]></system-err>
</testsuite>
