<?xml version="1.0" encoding="UTF-8"?>
<testsuite name="com.neurovault.backend.monitor.service.ClusterAnalyticsServiceTest" tests="1" skipped="0" failures="0" errors="0" timestamp="2026-07-26T08:22:11" hostname="ASHOK" time="0.053">
  <properties/>
  <testcase name="testComputeStatistics_Calculations()" classname="com.neurovault.backend.monitor.service.ClusterAnalyticsServiceTest" time="0.053"/>
  <system-out><![CDATA[2026-07-26T13:52:10.187+05:30  INFO 16592 --- [neurovault-backend] [    Test worker] t.c.s.AnnotationConfigContextLoaderUtils : Could not detect default configuration classes for test class [com.neurovault.backend.monitor.service.ClusterAnalyticsServiceTest]: ClusterAnalyticsServiceTest does not declare any static, non-private, non-final, nested classes annotated with @Configuration.
2026-07-26T13:52:10.199+05:30  INFO 16592 --- [neurovault-backend] [    Test worker] .b.t.c.SpringBootTestContextBootstrapper : Found @SpringBootConfiguration com.neurovault.backend.BackendApplication for test class com.neurovault.backend.monitor.service.ClusterAnalyticsServiceTest

  .   ____          _            __ _ _
 /\\ / ___'_ __ _ _(_)_ __  __ _ \ \ \ \
( ( )\___ | '_ | '_| | '_ \/ _` | \ \ \ \
 \\/  ___)| |_)| | | | | || (_| |  ) ) ) )
  '  |____| .__|_| |_|_| |_\__, | / / / /
 =========|_|==============|___/=/_/_/_/

 :: Spring Boot ::                (v3.3.1)

2026-07-26T13:52:10.220+05:30  INFO 16592 --- [neurovault-backend] [    Test worker] c.n.b.m.s.ClusterAnalyticsServiceTest    : Starting ClusterAnalyticsServiceTest using Java 21.0.11 with PID 16592 (started by ashok in D:\Project\micro server\backend)
2026-07-26T13:52:10.220+05:30 DEBUG 16592 --- [neurovault-backend] [    Test worker] c.n.b.m.s.ClusterAnalyticsServiceTest    : Running with Spring Boot v3.3.1, Spring v6.1.10
2026-07-26T13:52:10.221+05:30  INFO 16592 --- [neurovault-backend] [    Test worker] c.n.b.m.s.ClusterAnalyticsServiceTest    : The following 1 profile is active: "test"
2026-07-26T13:52:10.417+05:30  INFO 16592 --- [neurovault-backend] [    Test worker] .s.d.r.c.RepositoryConfigurationDelegate : Bootstrapping Spring Data JPA repositories in DEFAULT mode.
2026-07-26T13:52:10.456+05:30  INFO 16592 --- [neurovault-backend] [    Test worker] .s.d.r.c.RepositoryConfigurationDelegate : Finished Spring Data repository scanning in 39 ms. Found 10 JPA repository interfaces.
2026-07-26T13:52:10.562+05:30  INFO 16592 --- [neurovault-backend] [    Test worker] o.hibernate.jpa.internal.util.LogHelper  : HHH000204: Processing PersistenceUnitInfo [name: default]
2026-07-26T13:52:10.565+05:30  INFO 16592 --- [neurovault-backend] [    Test worker] o.h.c.internal.RegionFactoryInitiator    : HHH000026: Second-level cache disabled
2026-07-26T13:52:10.573+05:30  INFO 16592 --- [neurovault-backend] [    Test worker] o.s.o.j.p.SpringPersistenceUnitInfo      : No LoadTimeWeaver setup: ignoring JPA class transformer
2026-07-26T13:52:10.574+05:30  INFO 16592 --- [neurovault-backend] [    Test worker] com.zaxxer.hikari.HikariDataSource       : HikariPool-5 - Starting...
2026-07-26T13:52:10.576+05:30  INFO 16592 --- [neurovault-backend] [    Test worker] com.zaxxer.hikari.pool.HikariPool        : HikariPool-5 - Added connection conn40: url=jdbc:h2:mem:testdb_analytics user=SA
2026-07-26T13:52:10.577+05:30  INFO 16592 --- [neurovault-backend] [    Test worker] com.zaxxer.hikari.HikariDataSource       : HikariPool-5 - Start completed.
2026-07-26T13:52:10.577+05:30  WARN 16592 --- [neurovault-backend] [    Test worker] org.hibernate.orm.deprecation            : HHH90000025: H2Dialect does not need to be specified explicitly using 'hibernate.dialect' (remove the property setting and it will be selected by default)
2026-07-26T13:52:10.763+05:30  INFO 16592 --- [neurovault-backend] [    Test worker] o.h.e.t.j.p.i.JtaPlatformInitiator       : HHH000489: No JTA platform available (set 'hibernate.transaction.jta.platform' to enable JTA platform integration)
2026-07-26T13:52:10.782+05:30  INFO 16592 --- [neurovault-backend] [    Test worker] j.LocalContainerEntityManagerFactoryBean : Initialized JPA EntityManagerFactory for persistence unit 'default'
2026-07-26T13:52:10.821+05:30  INFO 16592 --- [neurovault-backend] [    Test worker] eAuthenticationProviderManagerConfigurer : Global AuthenticationManager configured with AuthenticationProvider bean with name authenticationProvider
2026-07-26T13:52:10.821+05:30  WARN 16592 --- [neurovault-backend] [    Test worker] r$InitializeUserDetailsManagerConfigurer : Global AuthenticationManager configured with an AuthenticationProvider bean. UserDetailsService beans will not be used for username/password login. Consider removing the AuthenticationProvider bean. Alternatively, consider using the UserDetailsService in a manually instantiated DaoAuthenticationProvider.
2026-07-26T13:52:10.962+05:30  WARN 16592 --- [neurovault-backend] [    Test worker] JpaBaseConfiguration$JpaWebConfiguration : spring.jpa.open-in-view is enabled by default. Therefore, database queries may be performed during view rendering. Explicitly configure spring.jpa.open-in-view to disable this warning
2026-07-26T13:52:11.171+05:30 DEBUG 16592 --- [neurovault-backend] [   scheduling-1] c.n.b.host.scheduler.HeartbeatScheduler  : Running stale host detection check...
2026-07-26T13:52:11.171+05:30  INFO 16592 --- [neurovault-backend] [    Test worker] c.n.b.m.s.ClusterAnalyticsServiceTest    : Started ClusterAnalyticsServiceTest in 0.969 seconds (process running for 23.139)
2026-07-26T13:52:11.178+05:30 DEBUG 16592 --- [neurovault-backend] [   scheduling-1] c.n.b.host.scheduler.HeartbeatScheduler  : No ONLINE hosts to check
2026-07-26T13:52:11.179+05:30  INFO 16592 --- [neurovault-backend] [   scheduling-1] c.n.b.s.ClusterMaintenanceScheduler      : Starting scheduled cluster maintenance cycle...
2026-07-26T13:52:11.179+05:30 DEBUG 16592 --- [neurovault-backend] [   scheduling-1] c.n.b.s.ClusterMaintenanceScheduler      : Checking for timed-out host heartbeats...
2026-07-26T13:52:11.182+05:30 DEBUG 16592 --- [neurovault-backend] [   scheduling-1] c.n.b.m.service.FailureDetectionService  : Running failure detection scan...
2026-07-26T13:52:11.184+05:30  INFO 16592 --- [neurovault-backend] [   scheduling-1] c.n.b.m.service.ClusterHealthMonitor     : Cluster health scan: 0/0 hosts healthy
2026-07-26T13:52:11.185+05:30  INFO 16592 --- [neurovault-backend] [   scheduling-1] c.n.b.m.service.FailureDetectionService  : Failure detection complete: 0 new events published
2026-07-26T13:52:11.185+05:30 DEBUG 16592 --- [neurovault-backend] [   scheduling-1] c.n.b.m.service.FailureDetectionService  : Scanning for failed replicas...
2026-07-26T13:52:11.191+05:30  INFO 16592 --- [neurovault-backend] [   scheduling-1] c.n.b.m.service.FailureDetectionService  : Replica failure scan complete: 0 issues found
2026-07-26T13:52:11.192+05:30  INFO 16592 --- [neurovault-backend] [   scheduling-1] c.n.b.r.service.SelfHealingService       : ═══ Starting self-healing cycle ═══
2026-07-26T13:52:11.194+05:30  INFO 16592 --- [neurovault-backend] [   scheduling-1] c.n.b.r.service.ReplicationService       : Found 0 under-replicated chunks
2026-07-26T13:52:11.194+05:30  INFO 16592 --- [neurovault-backend] [   scheduling-1] c.n.b.r.service.SelfHealingService       : All chunks are fully replicated — no repairs needed
2026-07-26T13:52:11.198+05:30 DEBUG 16592 --- [neurovault-backend] [   scheduling-1] c.n.b.m.service.ClusterAnalyticsService  : Computing cluster statistics...
2026-07-26T13:52:11.205+05:30 DEBUG 16592 --- [neurovault-backend] [    Test worker] c.n.b.m.service.ClusterAnalyticsService  : Computing cluster statistics...
2026-07-26T13:52:11.206+05:30  INFO 16592 --- [neurovault-backend] [   scheduling-1] c.n.b.m.service.ClusterAnalyticsService  : Cluster stats: hosts=0/0 online, files=0, chunks=0, replicas=0/0 active, avg-rf={:.2f}, utilization={:.1f}%
2026-07-26T13:52:11.207+05:30  INFO 16592 --- [neurovault-backend] [   scheduling-1] c.n.b.s.ClusterMaintenanceScheduler      : Scheduled cluster maintenance cycle completed successfully.
2026-07-26T13:52:11.222+05:30  INFO 16592 --- [neurovault-backend] [    Test worker] c.n.b.m.service.ClusterAnalyticsService  : Cluster stats: hosts=1/2 online, files=1, chunks=1, replicas=1/1 active, avg-rf={:.2f}, utilization={:.1f}%
]]></system-out>
  <system-err><![CDATA[]]></system-err>
</testsuite>
