<?xml version="1.0" encoding="UTF-8"?>
<testsuite name="com.neurovault.backend.monitor.service.ClusterHealthMonitorTest" tests="5" skipped="0" failures="0" errors="0" timestamp="2026-07-26T08:22:12" hostname="ASHOK" time="0.168">
  <properties/>
  <testcase name="testEvaluateHostHealth_LowStorage()" classname="com.neurovault.backend.monitor.service.ClusterHealthMonitorTest" time="0.037"/>
  <testcase name="testGetOverallClusterHealth_StateCascade()" classname="com.neurovault.backend.monitor.service.ClusterHealthMonitorTest" time="0.062"/>
  <testcase name="testEvaluateHostHealth_ContainerCorrupted()" classname="com.neurovault.backend.monitor.service.ClusterHealthMonitorTest" time="0.018"/>
  <testcase name="testEvaluateHostHealth_Healthy()" classname="com.neurovault.backend.monitor.service.ClusterHealthMonitorTest" time="0.025"/>
  <testcase name="testEvaluateHostHealth_HeartbeatTimeout()" classname="com.neurovault.backend.monitor.service.ClusterHealthMonitorTest" time="0.022"/>
  <system-out><![CDATA[2026-07-26T13:52:11.233+05:30  INFO 16592 --- [neurovault-backend] [    Test worker] t.c.s.AnnotationConfigContextLoaderUtils : Could not detect default configuration classes for test class [com.neurovault.backend.monitor.service.ClusterHealthMonitorTest]: ClusterHealthMonitorTest does not declare any static, non-private, non-final, nested classes annotated with @Configuration.
2026-07-26T13:52:11.234+05:30  INFO 16592 --- [neurovault-backend] [    Test worker] .b.t.c.SpringBootTestContextBootstrapper : Found @SpringBootConfiguration com.neurovault.backend.BackendApplication for test class com.neurovault.backend.monitor.service.ClusterHealthMonitorTest

  .   ____          _            __ _ _
 /\\ / ___'_ __ _ _(_)_ __  __ _ \ \ \ \
( ( )\___ | '_ | '_| | '_ \/ _` | \ \ \ \
 \\/  ___)| |_)| | | | | || (_| |  ) ) ) )
  '  |____| .__|_| |_|_| |_\__, | / / / /
 =========|_|==============|___/=/_/_/_/

 :: Spring Boot ::                (v3.3.1)

2026-07-26T13:52:11.273+05:30  INFO 16592 --- [neurovault-backend] [    Test worker] c.n.b.m.s.ClusterHealthMonitorTest       : Starting ClusterHealthMonitorTest using Java 21.0.11 with PID 16592 (started by ashok in D:\Project\micro server\backend)
2026-07-26T13:52:11.274+05:30 DEBUG 16592 --- [neurovault-backend] [    Test worker] c.n.b.m.s.ClusterHealthMonitorTest       : Running with Spring Boot v3.3.1, Spring v6.1.10
2026-07-26T13:52:11.274+05:30  INFO 16592 --- [neurovault-backend] [    Test worker] c.n.b.m.s.ClusterHealthMonitorTest       : The following 1 profile is active: "test"
2026-07-26T13:52:11.566+05:30  INFO 16592 --- [neurovault-backend] [    Test worker] .s.d.r.c.RepositoryConfigurationDelegate : Bootstrapping Spring Data JPA repositories in DEFAULT mode.
2026-07-26T13:52:11.587+05:30  INFO 16592 --- [neurovault-backend] [    Test worker] .s.d.r.c.RepositoryConfigurationDelegate : Finished Spring Data repository scanning in 20 ms. Found 10 JPA repository interfaces.
2026-07-26T13:52:11.665+05:30  INFO 16592 --- [neurovault-backend] [    Test worker] o.hibernate.jpa.internal.util.LogHelper  : HHH000204: Processing PersistenceUnitInfo [name: default]
2026-07-26T13:52:11.669+05:30  INFO 16592 --- [neurovault-backend] [    Test worker] o.h.c.internal.RegionFactoryInitiator    : HHH000026: Second-level cache disabled
2026-07-26T13:52:11.685+05:30  INFO 16592 --- [neurovault-backend] [    Test worker] o.s.o.j.p.SpringPersistenceUnitInfo      : No LoadTimeWeaver setup: ignoring JPA class transformer
2026-07-26T13:52:11.686+05:30  INFO 16592 --- [neurovault-backend] [    Test worker] com.zaxxer.hikari.HikariDataSource       : HikariPool-6 - Starting...
2026-07-26T13:52:11.691+05:30  INFO 16592 --- [neurovault-backend] [    Test worker] com.zaxxer.hikari.pool.HikariPool        : HikariPool-6 - Added connection conn50: url=jdbc:h2:mem:testdb_monitor user=SA
2026-07-26T13:52:11.691+05:30  INFO 16592 --- [neurovault-backend] [    Test worker] com.zaxxer.hikari.HikariDataSource       : HikariPool-6 - Start completed.
2026-07-26T13:52:11.692+05:30  WARN 16592 --- [neurovault-backend] [    Test worker] org.hibernate.orm.deprecation            : HHH90000025: H2Dialect does not need to be specified explicitly using 'hibernate.dialect' (remove the property setting and it will be selected by default)
2026-07-26T13:52:11.849+05:30  INFO 16592 --- [neurovault-backend] [    Test worker] o.h.e.t.j.p.i.JtaPlatformInitiator       : HHH000489: No JTA platform available (set 'hibernate.transaction.jta.platform' to enable JTA platform integration)
2026-07-26T13:52:11.870+05:30  INFO 16592 --- [neurovault-backend] [    Test worker] j.LocalContainerEntityManagerFactoryBean : Initialized JPA EntityManagerFactory for persistence unit 'default'
2026-07-26T13:52:11.903+05:30  INFO 16592 --- [neurovault-backend] [    Test worker] eAuthenticationProviderManagerConfigurer : Global AuthenticationManager configured with AuthenticationProvider bean with name authenticationProvider
2026-07-26T13:52:11.903+05:30  WARN 16592 --- [neurovault-backend] [    Test worker] r$InitializeUserDetailsManagerConfigurer : Global AuthenticationManager configured with an AuthenticationProvider bean. UserDetailsService beans will not be used for username/password login. Consider removing the AuthenticationProvider bean. Alternatively, consider using the UserDetailsService in a manually instantiated DaoAuthenticationProvider.
2026-07-26T13:52:12.016+05:30  WARN 16592 --- [neurovault-backend] [    Test worker] JpaBaseConfiguration$JpaWebConfiguration : spring.jpa.open-in-view is enabled by default. Therefore, database queries may be performed during view rendering. Explicitly configure spring.jpa.open-in-view to disable this warning
2026-07-26T13:52:12.151+05:30 DEBUG 16592 --- [neurovault-backend] [   scheduling-1] c.n.b.host.scheduler.HeartbeatScheduler  : Running stale host detection check...
2026-07-26T13:52:12.151+05:30  INFO 16592 --- [neurovault-backend] [    Test worker] c.n.b.m.s.ClusterHealthMonitorTest       : Started ClusterHealthMonitorTest in 0.912 seconds (process running for 24.12)
2026-07-26T13:52:12.156+05:30 DEBUG 16592 --- [neurovault-backend] [   scheduling-1] c.n.b.host.scheduler.HeartbeatScheduler  : No ONLINE hosts to check
2026-07-26T13:52:12.156+05:30  INFO 16592 --- [neurovault-backend] [   scheduling-1] c.n.b.s.ClusterMaintenanceScheduler      : Starting scheduled cluster maintenance cycle...
2026-07-26T13:52:12.157+05:30 DEBUG 16592 --- [neurovault-backend] [   scheduling-1] c.n.b.s.ClusterMaintenanceScheduler      : Checking for timed-out host heartbeats...
2026-07-26T13:52:12.160+05:30 DEBUG 16592 --- [neurovault-backend] [   scheduling-1] c.n.b.m.service.FailureDetectionService  : Running failure detection scan...
2026-07-26T13:52:12.163+05:30  INFO 16592 --- [neurovault-backend] [   scheduling-1] c.n.b.m.service.ClusterHealthMonitor     : Cluster health scan: 0/0 hosts healthy
2026-07-26T13:52:12.163+05:30  INFO 16592 --- [neurovault-backend] [   scheduling-1] c.n.b.m.service.FailureDetectionService  : Failure detection complete: 0 new events published
2026-07-26T13:52:12.163+05:30 DEBUG 16592 --- [neurovault-backend] [   scheduling-1] c.n.b.m.service.FailureDetectionService  : Scanning for failed replicas...
2026-07-26T13:52:12.167+05:30  INFO 16592 --- [neurovault-backend] [   scheduling-1] c.n.b.m.service.FailureDetectionService  : Replica failure scan complete: 0 issues found
2026-07-26T13:52:12.168+05:30  INFO 16592 --- [neurovault-backend] [   scheduling-1] c.n.b.r.service.SelfHealingService       : ═══ Starting self-healing cycle ═══
2026-07-26T13:52:12.170+05:30  INFO 16592 --- [neurovault-backend] [   scheduling-1] c.n.b.r.service.ReplicationService       : Found 0 under-replicated chunks
2026-07-26T13:52:12.170+05:30  INFO 16592 --- [neurovault-backend] [   scheduling-1] c.n.b.r.service.SelfHealingService       : All chunks are fully replicated — no repairs needed
2026-07-26T13:52:12.173+05:30 DEBUG 16592 --- [neurovault-backend] [   scheduling-1] c.n.b.m.service.ClusterAnalyticsService  : Computing cluster statistics...
2026-07-26T13:52:12.182+05:30  INFO 16592 --- [neurovault-backend] [   scheduling-1] c.n.b.m.service.ClusterAnalyticsService  : Cluster stats: hosts=0/0 online, files=0, chunks=0, replicas=0/0 active, avg-rf={:.2f}, utilization={:.1f}%
2026-07-26T13:52:12.182+05:30  INFO 16592 --- [neurovault-backend] [   scheduling-1] c.n.b.s.ClusterMaintenanceScheduler      : Scheduled cluster maintenance cycle completed successfully.
2026-07-26T13:52:12.202+05:30  INFO 16592 --- [neurovault-backend] [    Test worker] c.n.b.m.service.ClusterHealthMonitor     : Cluster health scan: 0/0 hosts healthy
2026-07-26T13:52:12.206+05:30  INFO 16592 --- [neurovault-backend] [    Test worker] c.n.b.r.service.ReplicationService       : Found 0 under-replicated chunks
2026-07-26T13:52:12.232+05:30  INFO 16592 --- [neurovault-backend] [    Test worker] c.n.b.m.service.ClusterHealthMonitor     : Cluster health scan: 2/2 hosts healthy
2026-07-26T13:52:12.234+05:30  INFO 16592 --- [neurovault-backend] [    Test worker] c.n.b.r.service.ReplicationService       : Found 0 under-replicated chunks
2026-07-26T13:52:12.249+05:30  INFO 16592 --- [neurovault-backend] [    Test worker] c.n.b.m.service.ClusterHealthMonitor     : Cluster health scan: 1/2 hosts healthy
2026-07-26T13:52:12.252+05:30  INFO 16592 --- [neurovault-backend] [    Test worker] c.n.b.r.service.ReplicationService       : Found 0 under-replicated chunks
]]></system-out>
  <system-err><![CDATA[]]></system-err>
</testsuite>
